{"/home/jlopez/cultures/src/app.controller.ts": {"path":"/home/jlopez/cultures/src/app.controller.ts","statementMap":{"0":{"start":{"line":1,"column":0},"end":{"line":1,"column":49}},"1":{"start":{"line":2,"column":0},"end":{"line":2,"column":43}},"2":{"start":{"line":5,"column":7},"end":{"line":12,"column":null}},"3":{"start":{"line":6,"column":31},"end":{"line":6,"column":43}},"4":{"start":{"line":10,"column":4},"end":{"line":10,"column":38}},"5":{"start":{"line":8,"column":2},"end":{"line":11,"column":null}},"6":{"start":{"line":5,"column":13},"end":{"line":12,"column":null}},"7":{"start":{"line":5,"column":13},"end":{"line":5,"column":26}}},"fnMap":{"0":{"name":"(anonymous_2)","decl":{"start":{"line":6,"column":2},"end":{"line":6,"column":31}},"loc":{"start":{"line":6,"column":53},"end":{"line":6,"column":57}}},"1":{"name":"(anonymous_3)","decl":{"start":{"line":9,"column":2},"end":{"line":9,"column":10}},"loc":{"start":{"line":9,"column":10},"end":{"line":11,"column":3}}}},"branchMap":{},"s":{"0":1,"1":1,"2":1,"3":1,"4":1,"5":1,"6":1,"7":1},"f":{"0":1,"1":1},"b":{}}
,"/home/jlopez/cultures/src/app.module.ts": {"path":"/home/jlopez/cultures/src/app.module.ts","statementMap":{"0":{"start":{"line":1,"column":0},"end":{"line":1,"column":40}},"1":{"start":{"line":2,"column":0},"end":{"line":2,"column":48}},"2":{"start":{"line":3,"column":0},"end":{"line":3,"column":49}},"3":{"start":{"line":4,"column":0},"end":{"line":4,"column":43}},"4":{"start":{"line":5,"column":0},"end":{"line":5,"column":57}},"5":{"start":{"line":6,"column":0},"end":{"line":6,"column":54}},"6":{"start":{"line":7,"column":0},"end":{"line":7,"column":57}},"7":{"start":{"line":8,"column":0},"end":{"line":8,"column":77}},"8":{"start":{"line":9,"column":0},"end":{"line":9,"column":57}},"9":{"start":{"line":10,"column":0},"end":{"line":10,"column":54}},"10":{"start":{"line":11,"column":0},"end":{"line":11,"column":57}},"11":{"start":{"line":12,"column":0},"end":{"line":12,"column":48}},"12":{"start":{"line":13,"column":0},"end":{"line":13,"column":48}},"13":{"start":{"line":14,"column":0},"end":{"line":14,"column":80}},"14":{"start":{"line":15,"column":0},"end":{"line":15,"column":66}},"15":{"start":{"line":16,"column":0},"end":{"line":16,"column":80}},"16":{"start":{"line":17,"column":0},"end":{"line":17,"column":66}},"17":{"start":{"line":18,"column":0},"end":{"line":18,"column":71}},"18":{"start":{"line":19,"column":0},"end":{"line":19,"column":54}},"19":{"start":{"line":20,"column":0},"end":{"line":20,"column":54}},"20":{"start":{"line":21,"column":0},"end":{"line":21,"column":57}},"21":{"start":{"line":22,"column":0},"end":{"line":22,"column":57}},"22":{"start":{"line":23,"column":0},"end":{"line":23,"column":48}},"23":{"start":{"line":24,"column":0},"end":{"line":24,"column":46}},"24":{"start":{"line":25,"column":0},"end":{"line":25,"column":48}},"25":{"start":{"line":26,"column":0},"end":{"line":26,"column":48}},"26":{"start":{"line":27,"column":0},"end":{"line":27,"column":28}},"27":{"start":{"line":28,"column":0},"end":{"line":28,"column":77}},"28":{"start":{"line":29,"column":0},"end":{"line":29,"column":77}},"29":{"start":{"line":76,"column":7},"end":{"line":76,"column":null}},"30":{"start":{"line":76,"column":13},"end":{"line":76,"column":null}},"31":{"start":{"line":76,"column":13},"end":{"line":76,"column":22}}},"fnMap":{},"branchMap":{},"s":{"0":0,"1":0,"2":0,"3":0,"4":0,"5":0,"6":0,"7":0,"8":0,"9":0,"10":0,"11":0,"12":0,"13":0,"14":0,"15":0,"16":0,"17":0,"18":0,"19":0,"20":0,"21":0,"22":0,"23":0,"24":0,"25":0,"26":0,"27":0,"28":0,"29":0,"30":0,"31":0},"f":{},"b":{}}
,"/home/jlopez/cultures/src/app.service.ts": {"path":"/home/jlopez/cultures/src/app.service.ts","statementMap":{"0":{"start":{"line":1,"column":0},"end":{"line":1,"column":44}},"1":{"start":{"line":4,"column":7},"end":{"line":8,"column":null}},"2":{"start":{"line":6,"column":4},"end":{"line":6,"column":34}},"3":{"start":{"line":4,"column":13},"end":{"line":8,"column":null}},"4":{"start":{"line":4,"column":13},"end":{"line":4,"column":23}}},"fnMap":{"0":{"name":"(anonymous_1)","decl":{"start":{"line":5,"column":2},"end":{"line":5,"column":10}},"loc":{"start":{"line":5,"column":10},"end":{"line":7,"column":3}}}},"branchMap":{},"s":{"0":1,"1":1,"2":1,"3":1,"4":1},"f":{"0":1},"b":{}}
,"/home/jlopez/cultures/src/main.ts": {"path":"/home/jlopez/cultures/src/main.ts","statementMap":{"0":{"start":{"line":1,"column":0},"end":{"line":1,"column":64}},"1":{"start":{"line":2,"column":0},"end":{"line":2,"column":43}},"2":{"start":{"line":3,"column":0},"end":{"line":3,"column":41}},"3":{"start":{"line":6,"column":14},"end":{"line":6,"column":49}},"4":{"start":{"line":7,"column":2},"end":{"line":11,"column":5}},"5":{"start":{"line":12,"column":2},"end":{"line":12,"column":43}},"6":{"start":{"line":13,"column":2},"end":{"line":13,"column":25}},"7":{"start":{"line":15,"column":0},"end":{"line":15,"column":12}}},"fnMap":{"0":{"name":"bootstrap","decl":{"start":{"line":5,"column":15},"end":{"line":5,"column":24}},"loc":{"start":{"line":5,"column":24},"end":{"line":14,"column":1}}}},"branchMap":{},"s":{"0":0,"1":0,"2":0,"3":0,"4":0,"5":0,"6":0,"7":0},"f":{"0":0},"b":{}}
,"/home/jlopez/cultures/src/auth/auth.module.ts": {"path":"/home/jlopez/cultures/src/auth/auth.module.ts","statementMap":{"0":{"start":{"line":1,"column":0},"end":{"line":1,"column":40}},"1":{"start":{"line":2,"column":0},"end":{"line":2,"column":52}},"2":{"start":{"line":3,"column":0},"end":{"line":3,"column":50}},"3":{"start":{"line":4,"column":0},"end":{"line":4,"column":51}},"4":{"start":{"line":5,"column":0},"end":{"line":5,"column":53}},"5":{"start":{"line":6,"column":0},"end":{"line":6,"column":49}},"6":{"start":{"line":7,"column":0},"end":{"line":7,"column":45}},"7":{"start":{"line":8,"column":0},"end":{"line":8,"column":60}},"8":{"start":{"line":9,"column":0},"end":{"line":9,"column":56}},"9":{"start":{"line":23,"column":7},"end":{"line":23,"column":null}},"10":{"start":{"line":23,"column":13},"end":{"line":23,"column":null}},"11":{"start":{"line":23,"column":13},"end":{"line":23,"column":23}}},"fnMap":{},"branchMap":{},"s":{"0":0,"1":0,"2":0,"3":0,"4":0,"5":0,"6":0,"7":0,"8":0,"9":0,"10":0,"11":0},"f":{},"b":{}}
,"/home/jlopez/cultures/src/auth/auth.service.ts": {"path":"/home/jlopez/cultures/src/auth/auth.service.ts","statementMap":{"0":{"start":{"line":2,"column":0},"end":{"line":2,"column":44}},"1":{"start":{"line":3,"column":0},"end":{"line":3,"column":41}},"2":{"start":{"line":4,"column":0},"end":{"line":4,"column":53}},"3":{"start":{"line":6,"column":0},"end":{"line":6,"column":51}},"4":{"start":{"line":9,"column":7},"end":{"line":31,"column":null}},"5":{"start":{"line":11,"column":16},"end":{"line":11,"column":30}},"6":{"start":{"line":12,"column":16},"end":{"line":12,"column":28}},"7":{"start":{"line":16,"column":27},"end":{"line":16,"column":68}},"8":{"start":{"line":17,"column":8},"end":{"line":20,"column":null}},"9":{"start":{"line":18,"column":44},"end":{"line":18,"column":48}},"10":{"start":{"line":18,"column":39},"end":{"line":18,"column":44}},"11":{"start":{"line":19,"column":12},"end":{"line":19,"column":26}},"12":{"start":{"line":21,"column":8},"end":{"line":21,"column":20}},"13":{"start":{"line":25,"column":24},"end":{"line":25,"column":84}},"14":{"start":{"line":26,"column":8},"end":{"line":28,"column":10}},"15":{"start":{"line":9,"column":13},"end":{"line":31,"column":null}},"16":{"start":{"line":9,"column":13},"end":{"line":9,"column":24}}},"fnMap":{"0":{"name":"(anonymous_3)","decl":{"start":{"line":10,"column":4},"end":{"line":10,"column":null}},"loc":{"start":{"line":12,"column":38},"end":{"line":13,"column":8}}},"1":{"name":"(anonymous_4)","decl":{"start":{"line":15,"column":4},"end":{"line":15,"column":9}},"loc":{"start":{"line":15,"column":57},"end":{"line":22,"column":5}}},"2":{"name":"(anonymous_5)","decl":{"start":{"line":24,"column":4},"end":{"line":24,"column":9}},"loc":{"start":{"line":24,"column":24},"end":{"line":29,"column":5}}}},"branchMap":{"0":{"loc":{"start":{"line":17,"column":8},"end":{"line":20,"column":null}},"type":"if","locations":[{"start":{"line":17,"column":8},"end":{"line":20,"column":null}}]},"1":{"loc":{"start":{"line":17,"column":12},"end":{"line":17,"column":46}},"type":"binary-expr","locations":[{"start":{"line":17,"column":12},"end":{"line":17,"column":16}},{"start":{"line":17,"column":20},"end":{"line":17,"column":46}}]}},"s":{"0":1,"1":1,"2":1,"3":1,"4":1,"5":1,"6":1,"7":0,"8":0,"9":0,"10":0,"11":0,"12":0,"13":0,"14":0,"15":1,"16":1},"f":{"0":1,"1":0,"2":0},"b":{"0":[0],"1":[0,0]}}
,"/home/jlopez/cultures/src/auth/roles.decorator.ts": {"path":"/home/jlopez/cultures/src/auth/roles.decorator.ts","statementMap":{"0":{"start":{"line":2,"column":0},"end":{"line":2,"column":45}},"1":{"start":{"line":5,"column":21},"end":{"line":5,"column":70}},"2":{"start":{"line":5,"column":43},"end":{"line":5,"column":70}},"3":{"start":{"line":5,"column":13},"end":{"line":5,"column":21}}},"fnMap":{"0":{"name":"(anonymous_0)","decl":{"start":{"line":5,"column":21},"end":{"line":5,"column":22}},"loc":{"start":{"line":5,"column":43},"end":{"line":5,"column":70}}}},"branchMap":{},"s":{"0":0,"1":0,"2":0,"3":0},"f":{"0":0},"b":{}}
,"/home/jlopez/cultures/src/auth/roles.enum.ts": {"path":"/home/jlopez/cultures/src/auth/roles.enum.ts","statementMap":{"0":{"start":{"line":2,"column":0},"end":{"line":2,"column":null}},"1":{"start":{"line":3,"column":4},"end":{"line":3,"column":null}},"2":{"start":{"line":4,"column":4},"end":{"line":4,"column":null}},"3":{"start":{"line":5,"column":4},"end":{"line":5,"column":null}},"4":{"start":{"line":6,"column":4},"end":{"line":6,"column":null}},"5":{"start":{"line":7,"column":4},"end":{"line":7,"column":null}},"6":{"start":{"line":8,"column":4},"end":{"line":8,"column":null}}},"fnMap":{"0":{"name":"(anonymous_0)","decl":{"start":{"line":2,"column":0},"end":{"line":2,"column":12}},"loc":{"start":{"line":2,"column":16},"end":{"line":9,"column":3}}}},"branchMap":{"0":{"loc":{"start":{"line":2,"column":12},"end":{"line":2,"column":null}},"type":"binary-expr","locations":[{"start":{"line":2,"column":12},"end":{"line":2,"column":16}},{"start":{"line":2,"column":12},"end":{"line":2,"column":null}}]}},"s":{"0":2,"1":2,"2":2,"3":2,"4":2,"5":2,"6":2},"f":{"0":2},"b":{"0":[2,2]}}
,"/home/jlopez/cultures/src/auth/guards/jwt-auth.guard.ts": {"path":"/home/jlopez/cultures/src/auth/guards/jwt-auth.guard.ts","statementMap":{"0":{"start":{"line":1,"column":0},"end":{"line":1,"column":44}},"1":{"start":{"line":2,"column":0},"end":{"line":2,"column":45}},"2":{"start":{"line":5,"column":7},"end":{"line":5,"column":null}},"3":{"start":{"line":5,"column":13},"end":{"line":5,"column":null}},"4":{"start":{"line":5,"column":13},"end":{"line":5,"column":25}}},"fnMap":{},"branchMap":{},"s":{"0":0,"1":0,"2":0,"3":0,"4":0},"f":{},"b":{}}
,"/home/jlopez/cultures/src/auth/guards/local-auth.guard.ts": {"path":"/home/jlopez/cultures/src/auth/guards/local-auth.guard.ts","statementMap":{"0":{"start":{"line":1,"column":0},"end":{"line":1,"column":44}},"1":{"start":{"line":2,"column":0},"end":{"line":2,"column":45}},"2":{"start":{"line":5,"column":7},"end":{"line":5,"column":null}},"3":{"start":{"line":5,"column":13},"end":{"line":5,"column":null}},"4":{"start":{"line":5,"column":13},"end":{"line":5,"column":27}}},"fnMap":{},"branchMap":{},"s":{"0":0,"1":0,"2":0,"3":0,"4":0},"f":{},"b":{}}
,"/home/jlopez/cultures/src/auth/guards/roles.guard.ts": {"path":"/home/jlopez/cultures/src/auth/guards/roles.guard.ts","statementMap":{"0":{"start":{"line":2,"column":0},"end":{"line":2,"column":75}},"1":{"start":{"line":3,"column":0},"end":{"line":3,"column":41}},"2":{"start":{"line":6,"column":7},"end":{"line":19,"column":null}},"3":{"start":{"line":7,"column":22},"end":{"line":7,"column":33}},"4":{"start":{"line":9,"column":25},"end":{"line":12,"column":6}},"5":{"start":{"line":13,"column":4},"end":{"line":15,"column":null}},"6":{"start":{"line":14,"column":6},"end":{"line":14,"column":18}},"7":{"start":{"line":16,"column":19},"end":{"line":16,"column":54}},"8":{"start":{"line":17,"column":4},"end":{"line":17,"column":68}},"9":{"start":{"line":17,"column":39},"end":{"line":17,"column":67}},"10":{"start":{"line":6,"column":13},"end":{"line":19,"column":null}},"11":{"start":{"line":6,"column":13},"end":{"line":6,"column":23}}},"fnMap":{"0":{"name":"(anonymous_2)","decl":{"start":{"line":7,"column":2},"end":{"line":7,"column":22}},"loc":{"start":{"line":7,"column":42},"end":{"line":7,"column":46}}},"1":{"name":"(anonymous_3)","decl":{"start":{"line":8,"column":2},"end":{"line":8,"column":13}},"loc":{"start":{"line":8,"column":39},"end":{"line":18,"column":3}}},"2":{"name":"(anonymous_4)","decl":{"start":{"line":17,"column":29},"end":{"line":17,"column":30}},"loc":{"start":{"line":17,"column":38},"end":{"line":17,"column":67}}}},"branchMap":{"0":{"loc":{"start":{"line":13,"column":4},"end":{"line":15,"column":null}},"type":"if","locations":[{"start":{"line":13,"column":4},"end":{"line":15,"column":null}}]},"1":{"loc":{"start":{"line":17,"column":39},"end":{"line":17,"column":66}},"type":"cond-expr","locations":[{"start":{"line":17,"column":50},"end":{"line":17,"column":52}},{"start":{"line":17,"column":50},"end":{"line":17,"column":66}}]},"2":{"loc":{"start":{"line":17,"column":39},"end":{"line":17,"column":52}},"type":"binary-expr","locations":[{"start":{"line":17,"column":39},"end":{"line":17,"column":52}},{"start":{"line":17,"column":50},"end":{"line":17,"column":52}}]},"3":{"loc":{"start":{"line":17,"column":39},"end":{"line":17,"column":50}},"type":"cond-expr","locations":[{"start":{"line":17,"column":43},"end":{"line":17,"column":45}},{"start":{"line":17,"column":39},"end":{"line":17,"column":50}}]},"4":{"loc":{"start":{"line":17,"column":39},"end":{"line":17,"column":45}},"type":"binary-expr","locations":[{"start":{"line":17,"column":39},"end":{"line":17,"column":45}},{"start":{"line":17,"column":39},"end":{"line":17,"column":45}}]}},"s":{"0":0,"1":0,"2":0,"3":0,"4":0,"5":0,"6":0,"7":0,"8":0,"9":0,"10":0,"11":0},"f":{"0":0,"1":0,"2":0},"b":{"0":[0],"1":[0,0],"2":[0,0],"3":[0,0],"4":[0,0]}}
,"/home/jlopez/cultures/src/auth/strategies/jwt.strategy.ts": {"path":"/home/jlopez/cultures/src/auth/strategies/jwt.strategy.ts","statementMap":{"0":{"start":{"line":2,"column":0},"end":{"line":2,"column":52}},"1":{"start":{"line":3,"column":0},"end":{"line":3,"column":52}},"2":{"start":{"line":4,"column":0},"end":{"line":4,"column":44}},"3":{"start":{"line":5,"column":0},"end":{"line":5,"column":56}},"4":{"start":{"line":8,"column":7},"end":{"line":20,"column":null}},"5":{"start":{"line":10,"column":8},"end":{"line":14,"column":11}},"6":{"start":{"line":18,"column":8},"end":{"line":18,"column":85}},"7":{"start":{"line":8,"column":13},"end":{"line":20,"column":null}},"8":{"start":{"line":8,"column":13},"end":{"line":8,"column":24}}},"fnMap":{"0":{"name":"(anonymous_2)","decl":{"start":{"line":9,"column":4},"end":{"line":9,"column":null}},"loc":{"start":{"line":9,"column":4},"end":{"line":15,"column":5}}},"1":{"name":"(anonymous_3)","decl":{"start":{"line":17,"column":4},"end":{"line":17,"column":9}},"loc":{"start":{"line":17,"column":31},"end":{"line":19,"column":5}}}},"branchMap":{},"s":{"0":0,"1":0,"2":0,"3":0,"4":0,"5":0,"6":0,"7":0,"8":0},"f":{"0":0,"1":0},"b":{}}
,"/home/jlopez/cultures/src/auth/strategies/local-strategy.ts": {"path":"/home/jlopez/cultures/src/auth/strategies/local-strategy.ts","statementMap":{"0":{"start":{"line":1,"column":0},"end":{"line":1,"column":42}},"1":{"start":{"line":2,"column":0},"end":{"line":2,"column":52}},"2":{"start":{"line":3,"column":0},"end":{"line":3,"column":67}},"3":{"start":{"line":4,"column":0},"end":{"line":4,"column":46}},"4":{"start":{"line":7,"column":7},"end":{"line":19,"column":null}},"5":{"start":{"line":9,"column":4},"end":{"line":9,"column":12}},"6":{"start":{"line":8,"column":22},"end":{"line":8,"column":35}},"7":{"start":{"line":13,"column":17},"end":{"line":13,"column":72}},"8":{"start":{"line":14,"column":4},"end":{"line":16,"column":null}},"9":{"start":{"line":15,"column":6},"end":{"line":15,"column":40}},"10":{"start":{"line":17,"column":4},"end":{"line":17,"column":16}},"11":{"start":{"line":7,"column":13},"end":{"line":19,"column":null}},"12":{"start":{"line":7,"column":13},"end":{"line":7,"column":26}}},"fnMap":{"0":{"name":"(anonymous_2)","decl":{"start":{"line":8,"column":2},"end":{"line":8,"column":22}},"loc":{"start":{"line":8,"column":46},"end":{"line":10,"column":3}}},"1":{"name":"(anonymous_3)","decl":{"start":{"line":12,"column":2},"end":{"line":12,"column":7}},"loc":{"start":{"line":12,"column":51},"end":{"line":18,"column":3}}}},"branchMap":{"0":{"loc":{"start":{"line":14,"column":4},"end":{"line":16,"column":null}},"type":"if","locations":[{"start":{"line":14,"column":4},"end":{"line":16,"column":null}}]}},"s":{"0":0,"1":0,"2":0,"3":0,"4":0,"5":0,"6":0,"7":0,"8":0,"9":0,"10":0,"11":0,"12":0},"f":{"0":0,"1":0},"b":{"0":[0]}}
,"/home/jlopez/cultures/src/city/city.controller.ts": {"path":"/home/jlopez/cultures/src/city/city.controller.ts","statementMap":{"0":{"start":{"line":1,"column":0},"end":{"line":1,"column":45}},"1":{"start":{"line":2,"column":0},"end":{"line":2,"column":null}},"2":{"start":{"line":13,"column":0},"end":{"line":13,"column":95}},"3":{"start":{"line":14,"column":0},"end":{"line":14,"column":37}},"4":{"start":{"line":15,"column":0},"end":{"line":15,"column":43}},"5":{"start":{"line":16,"column":0},"end":{"line":16,"column":52}},"6":{"start":{"line":20,"column":7},"end":{"line":50,"column":null}},"7":{"start":{"line":21,"column":31},"end":{"line":21,"column":44}},"8":{"start":{"line":25,"column":4},"end":{"line":25,"column":44}},"9":{"start":{"line":30,"column":4},"end":{"line":30,"column":50}},"10":{"start":{"line":35,"column":35},"end":{"line":35,"column":71}},"11":{"start":{"line":36,"column":4},"end":{"line":36,"column":53}},"12":{"start":{"line":41,"column":35},"end":{"line":41,"column":71}},"13":{"start":{"line":42,"column":4},"end":{"line":42,"column":61}},"14":{"start":{"line":48,"column":4},"end":{"line":48,"column":49}},"15":{"start":{"line":24,"column":8},"end":{"line":26,"column":null}},"16":{"start":{"line":29,"column":8},"end":{"line":31,"column":null}},"17":{"start":{"line":34,"column":8},"end":{"line":37,"column":null}},"18":{"start":{"line":40,"column":8},"end":{"line":43,"column":null}},"19":{"start":{"line":47,"column":8},"end":{"line":49,"column":null}},"20":{"start":{"line":20,"column":13},"end":{"line":50,"column":null}},"21":{"start":{"line":20,"column":13},"end":{"line":20,"column":27}}},"fnMap":{"0":{"name":"(anonymous_4)","decl":{"start":{"line":21,"column":2},"end":{"line":21,"column":31}},"loc":{"start":{"line":21,"column":55},"end":{"line":21,"column":59}}},"1":{"name":"(anonymous_5)","decl":{"start":{"line":24,"column":2},"end":{"line":24,"column":7}},"loc":{"start":{"line":24,"column":15},"end":{"line":26,"column":3}}},"2":{"name":"(anonymous_6)","decl":{"start":{"line":29,"column":2},"end":{"line":29,"column":7}},"loc":{"start":{"line":29,"column":47},"end":{"line":31,"column":3}}},"3":{"name":"(anonymous_7)","decl":{"start":{"line":34,"column":2},"end":{"line":34,"column":7}},"loc":{"start":{"line":34,"column":39},"end":{"line":37,"column":3}}},"4":{"name":"(anonymous_8)","decl":{"start":{"line":40,"column":2},"end":{"line":40,"column":7}},"loc":{"start":{"line":40,"column":72},"end":{"line":43,"column":3}}},"5":{"name":"(anonymous_9)","decl":{"start":{"line":47,"column":2},"end":{"line":47,"column":7}},"loc":{"start":{"line":47,"column":46},"end":{"line":49,"column":3}}}},"branchMap":{},"s":{"0":0,"1":0,"2":0,"3":0,"4":0,"5":0,"6":0,"7":0,"8":0,"9":0,"10":0,"11":0,"12":0,"13":0,"14":0,"15":0,"16":0,"17":0,"18":0,"19":0,"20":0,"21":0},"f":{"0":0,"1":0,"2":0,"3":0,"4":0,"5":0},"b":{}}
,"/home/jlopez/cultures/src/city/city.dto.ts": {"path":"/home/jlopez/cultures/src/city/city.dto.ts","statementMap":{"0":{"start":{"line":1,"column":0},"end":{"line":1,"column":55}},"1":{"start":{"line":4,"column":2},"end":{"line":6,"column":null}},"2":{"start":{"line":8,"column":2},"end":{"line":10,"column":null}},"3":{"start":{"line":3,"column":0},"end":{"line":3,"column":13}}},"fnMap":{},"branchMap":{},"s":{"0":0,"1":0,"2":0,"3":0},"f":{},"b":{}}
,"/home/jlopez/cultures/src/city/city.entity.ts": {"path":"/home/jlopez/cultures/src/city/city.entity.ts","statementMap":{"0":{"start":{"line":1,"column":0},"end":{"line":1,"column":null}},"1":{"start":{"line":9,"column":0},"end":{"line":9,"column":55}},"2":{"start":{"line":11,"column":0},"end":{"line":11,"column":67}},"3":{"start":{"line":13,"column":0},"end":{"line":13,"column":58}},"4":{"start":{"line":16,"column":7},"end":{"line":34,"column":null}},"5":{"start":{"line":17,"column":2},"end":{"line":18,"column":null}},"6":{"start":{"line":20,"column":2},"end":{"line":21,"column":null}},"7":{"start":{"line":23,"column":2},"end":{"line":24,"column":null}},"8":{"start":{"line":26,"column":2},"end":{"line":27,"column":null}},"9":{"start":{"line":26,"column":19},"end":{"line":26,"column":32}},"10":{"start":{"line":26,"column":47},"end":{"line":26,"column":61}},"11":{"start":{"line":29,"column":2},"end":{"line":30,"column":null}},"12":{"start":{"line":29,"column":19},"end":{"line":29,"column":31}},"13":{"start":{"line":29,"column":45},"end":{"line":29,"column":58}},"14":{"start":{"line":32,"column":2},"end":{"line":33,"column":null}},"15":{"start":{"line":32,"column":19},"end":{"line":32,"column":35}},"16":{"start":{"line":32,"column":53},"end":{"line":32,"column":70}},"17":{"start":{"line":16,"column":13},"end":{"line":34,"column":null}},"18":{"start":{"line":16,"column":13},"end":{"line":16,"column":23}}},"fnMap":{"0":{"name":"(anonymous_2)","decl":{"start":{"line":26,"column":13},"end":{"line":26,"column":16}},"loc":{"start":{"line":26,"column":19},"end":{"line":26,"column":32}}},"1":{"name":"(anonymous_3)","decl":{"start":{"line":26,"column":34},"end":{"line":26,"column":35}},"loc":{"start":{"line":26,"column":47},"end":{"line":26,"column":61}}},"2":{"name":"(anonymous_4)","decl":{"start":{"line":29,"column":13},"end":{"line":29,"column":16}},"loc":{"start":{"line":29,"column":19},"end":{"line":29,"column":31}}},"3":{"name":"(anonymous_5)","decl":{"start":{"line":29,"column":33},"end":{"line":29,"column":34}},"loc":{"start":{"line":29,"column":45},"end":{"line":29,"column":58}}},"4":{"name":"(anonymous_6)","decl":{"start":{"line":32,"column":13},"end":{"line":32,"column":16}},"loc":{"start":{"line":32,"column":19},"end":{"line":32,"column":35}}},"5":{"name":"(anonymous_7)","decl":{"start":{"line":32,"column":37},"end":{"line":32,"column":38}},"loc":{"start":{"line":32,"column":53},"end":{"line":32,"column":70}}}},"branchMap":{},"s":{"0":15,"1":15,"2":15,"3":15,"4":15,"5":15,"6":15,"7":15,"8":15,"9":163,"10":163,"11":15,"12":163,"13":163,"14":15,"15":163,"16":163,"17":15,"18":15},"f":{"0":163,"1":163,"2":163,"3":163,"4":163,"5":163},"b":{}}
,"/home/jlopez/cultures/src/city/city.module.ts": {"path":"/home/jlopez/cultures/src/city/city.module.ts","statementMap":{"0":{"start":{"line":1,"column":0},"end":{"line":1,"column":40}},"1":{"start":{"line":2,"column":0},"end":{"line":2,"column":48}},"2":{"start":{"line":3,"column":0},"end":{"line":3,"column":43}},"3":{"start":{"line":4,"column":0},"end":{"line":4,"column":45}},"4":{"start":{"line":5,"column":0},"end":{"line":5,"column":51}},"5":{"start":{"line":12,"column":7},"end":{"line":12,"column":null}},"6":{"start":{"line":12,"column":13},"end":{"line":12,"column":null}},"7":{"start":{"line":12,"column":13},"end":{"line":12,"column":23}}},"fnMap":{},"branchMap":{},"s":{"0":0,"1":0,"2":0,"3":0,"4":0,"5":0,"6":0,"7":0},"f":{},"b":{}}
,"/home/jlopez/cultures/src/city/city.service.ts": {"path":"/home/jlopez/cultures/src/city/city.service.ts","statementMap":{"0":{"start":{"line":1,"column":0},"end":{"line":1,"column":44}},"1":{"start":{"line":2,"column":0},"end":{"line":2,"column":51}},"2":{"start":{"line":3,"column":0},"end":{"line":3,"column":37}},"3":{"start":{"line":4,"column":0},"end":{"line":4,"column":43}},"4":{"start":{"line":5,"column":0},"end":{"line":5,"column":null}},"5":{"start":{"line":11,"column":7},"end":{"line":67,"column":null}},"6":{"start":{"line":14,"column":21},"end":{"line":14,"column":37}},"7":{"start":{"line":17,"column":4},"end":{"line":19,"column":7}},"8":{"start":{"line":23,"column":29},"end":{"line":26,"column":6}},"9":{"start":{"line":27,"column":4},"end":{"line":31,"column":8}},"10":{"start":{"line":28,"column":6},"end":{"line":31,"column":8}},"11":{"start":{"line":33,"column":4},"end":{"line":33,"column":16}},"12":{"start":{"line":37,"column":4},"end":{"line":37,"column":48}},"13":{"start":{"line":41,"column":38},"end":{"line":43,"column":6}},"14":{"start":{"line":44,"column":4},"end":{"line":48,"column":8}},"15":{"start":{"line":45,"column":6},"end":{"line":48,"column":8}},"16":{"start":{"line":50,"column":4},"end":{"line":50,"column":17}},"17":{"start":{"line":52,"column":4},"end":{"line":52,"column":48}},"18":{"start":{"line":56,"column":29},"end":{"line":58,"column":6}},"19":{"start":{"line":59,"column":4},"end":{"line":63,"column":8}},"20":{"start":{"line":60,"column":6},"end":{"line":63,"column":8}},"21":{"start":{"line":65,"column":4},"end":{"line":65,"column":43}},"22":{"start":{"line":11,"column":13},"end":{"line":67,"column":null}},"23":{"start":{"line":11,"column":13},"end":{"line":11,"column":24}}},"fnMap":{"0":{"name":"(anonymous_4)","decl":{"start":{"line":12,"column":2},"end":{"line":12,"column":null}},"loc":{"start":{"line":14,"column":59},"end":{"line":15,"column":6}}},"1":{"name":"(anonymous_5)","decl":{"start":{"line":16,"column":2},"end":{"line":16,"column":7}},"loc":{"start":{"line":16,"column":15},"end":{"line":20,"column":3}}},"2":{"name":"(anonymous_6)","decl":{"start":{"line":22,"column":2},"end":{"line":22,"column":7}},"loc":{"start":{"line":22,"column":26},"end":{"line":34,"column":3}}},"3":{"name":"(anonymous_7)","decl":{"start":{"line":36,"column":2},"end":{"line":36,"column":7}},"loc":{"start":{"line":36,"column":31},"end":{"line":38,"column":3}}},"4":{"name":"(anonymous_8)","decl":{"start":{"line":40,"column":2},"end":{"line":40,"column":7}},"loc":{"start":{"line":40,"column":43},"end":{"line":53,"column":3}}},"5":{"name":"(anonymous_9)","decl":{"start":{"line":55,"column":2},"end":{"line":55,"column":7}},"loc":{"start":{"line":55,"column":25},"end":{"line":66,"column":3}}}},"branchMap":{"0":{"loc":{"start":{"line":27,"column":4},"end":{"line":31,"column":8}},"type":"if","locations":[{"start":{"line":27,"column":4},"end":{"line":31,"column":8}}]},"1":{"loc":{"start":{"line":44,"column":4},"end":{"line":48,"column":8}},"type":"if","locations":[{"start":{"line":44,"column":4},"end":{"line":48,"column":8}}]},"2":{"loc":{"start":{"line":59,"column":4},"end":{"line":63,"column":8}},"type":"if","locations":[{"start":{"line":59,"column":4},"end":{"line":63,"column":8}}]}},"s":{"0":1,"1":1,"2":1,"3":1,"4":1,"5":1,"6":9,"7":1,"8":2,"9":2,"10":1,"11":1,"12":1,"13":2,"14":2,"15":1,"16":1,"17":1,"18":3,"19":3,"20":1,"21":2,"22":1,"23":1},"f":{"0":9,"1":1,"2":2,"3":1,"4":2,"5":3},"b":{"0":[1],"1":[1],"2":[1]}}
,"/home/jlopez/cultures/src/city-restaurant/city-restaurant.controller.ts": {"path":"/home/jlopez/cultures/src/city-restaurant/city-restaurant.controller.ts","statementMap":{"0":{"start":{"line":1,"column":0},"end":{"line":1,"column":null}},"1":{"start":{"line":12,"column":0},"end":{"line":12,"column":52}},"2":{"start":{"line":14,"column":0},"end":{"line":14,"column":68}},"3":{"start":{"line":15,"column":0},"end":{"line":15,"column":95}},"4":{"start":{"line":16,"column":0},"end":{"line":16,"column":66}},"5":{"start":{"line":20,"column":7},"end":{"line":73,"column":null}},"6":{"start":{"line":21,"column":31},"end":{"line":21,"column":54}},"7":{"start":{"line":28,"column":4},"end":{"line":31,"column":6}},"8":{"start":{"line":39,"column":4},"end":{"line":42,"column":6}},"9":{"start":{"line":47,"column":4},"end":{"line":47,"column":76}},"10":{"start":{"line":55,"column":24},"end":{"line":55,"column":73}},"11":{"start":{"line":56,"column":4},"end":{"line":59,"column":6}},"12":{"start":{"line":68,"column":4},"end":{"line":71,"column":6}},"13":{"start":{"line":24,"column":8},"end":{"line":32,"column":null}},"14":{"start":{"line":35,"column":8},"end":{"line":43,"column":null}},"15":{"start":{"line":46,"column":8},"end":{"line":48,"column":null}},"16":{"start":{"line":51,"column":8},"end":{"line":60,"column":null}},"17":{"start":{"line":64,"column":8},"end":{"line":72,"column":null}},"18":{"start":{"line":20,"column":13},"end":{"line":73,"column":null}},"19":{"start":{"line":20,"column":13},"end":{"line":20,"column":37}}},"fnMap":{"0":{"name":"(anonymous_4)","decl":{"start":{"line":21,"column":2},"end":{"line":21,"column":31}},"loc":{"start":{"line":21,"column":75},"end":{"line":21,"column":79}}},"1":{"name":"(anonymous_5)","decl":{"start":{"line":24,"column":2},"end":{"line":24,"column":7}},"loc":{"start":{"line":26,"column":47},"end":{"line":32,"column":3}}},"2":{"name":"(anonymous_6)","decl":{"start":{"line":35,"column":2},"end":{"line":35,"column":7}},"loc":{"start":{"line":37,"column":47},"end":{"line":43,"column":3}}},"3":{"name":"(anonymous_7)","decl":{"start":{"line":46,"column":2},"end":{"line":46,"column":7}},"loc":{"start":{"line":46,"column":63},"end":{"line":48,"column":3}}},"4":{"name":"(anonymous_8)","decl":{"start":{"line":51,"column":2},"end":{"line":51,"column":7}},"loc":{"start":{"line":53,"column":35},"end":{"line":60,"column":3}}},"5":{"name":"(anonymous_9)","decl":{"start":{"line":64,"column":2},"end":{"line":64,"column":7}},"loc":{"start":{"line":66,"column":47},"end":{"line":72,"column":3}}}},"branchMap":{},"s":{"0":0,"1":0,"2":0,"3":0,"4":0,"5":0,"6":0,"7":0,"8":0,"9":0,"10":0,"11":0,"12":0,"13":0,"14":0,"15":0,"16":0,"17":0,"18":0,"19":0},"f":{"0":0,"1":0,"2":0,"3":0,"4":0,"5":0},"b":{}}
,"/home/jlopez/cultures/src/city-restaurant/city-restaurant.module.ts": {"path":"/home/jlopez/cultures/src/city-restaurant/city-restaurant.module.ts","statementMap":{"0":{"start":{"line":1,"column":0},"end":{"line":1,"column":40}},"1":{"start":{"line":2,"column":0},"end":{"line":2,"column":48}},"2":{"start":{"line":3,"column":0},"end":{"line":3,"column":66}},"3":{"start":{"line":4,"column":0},"end":{"line":4,"column":67}},"4":{"start":{"line":5,"column":0},"end":{"line":5,"column":49}},"5":{"start":{"line":6,"column":0},"end":{"line":6,"column":72}},"6":{"start":{"line":13,"column":7},"end":{"line":13,"column":null}},"7":{"start":{"line":13,"column":13},"end":{"line":13,"column":null}},"8":{"start":{"line":13,"column":13},"end":{"line":13,"column":33}}},"fnMap":{},"branchMap":{},"s":{"0":0,"1":0,"2":0,"3":0,"4":0,"5":0,"6":0,"7":0,"8":0},"f":{},"b":{}}
,"/home/jlopez/cultures/src/city-restaurant/city-restaurant.service.ts": {"path":"/home/jlopez/cultures/src/city-restaurant/city-restaurant.service.ts","statementMap":{"0":{"start":{"line":1,"column":0},"end":{"line":1,"column":44}},"1":{"start":{"line":2,"column":0},"end":{"line":2,"column":51}},"2":{"start":{"line":3,"column":0},"end":{"line":3,"column":37}},"3":{"start":{"line":4,"column":0},"end":{"line":4,"column":67}},"4":{"start":{"line":5,"column":0},"end":{"line":5,"column":49}},"5":{"start":{"line":6,"column":0},"end":{"line":6,"column":null}},"6":{"start":{"line":12,"column":7},"end":{"line":159,"column":null}},"7":{"start":{"line":15,"column":21},"end":{"line":15,"column":43}},"8":{"start":{"line":18,"column":21},"end":{"line":18,"column":37}},"9":{"start":{"line":25,"column":6},"end":{"line":25,"column":78}},"10":{"start":{"line":26,"column":4},"end":{"line":30,"column":8}},"11":{"start":{"line":27,"column":6},"end":{"line":30,"column":8}},"12":{"start":{"line":32,"column":29},"end":{"line":35,"column":6}},"13":{"start":{"line":36,"column":4},"end":{"line":40,"column":8}},"14":{"start":{"line":37,"column":6},"end":{"line":40,"column":8}},"15":{"start":{"line":42,"column":4},"end":{"line":42,"column":57}},"16":{"start":{"line":43,"column":4},"end":{"line":43,"column":48}},"17":{"start":{"line":51,"column":6},"end":{"line":51,"column":78}},"18":{"start":{"line":52,"column":4},"end":{"line":56,"column":8}},"19":{"start":{"line":53,"column":6},"end":{"line":56,"column":8}},"20":{"start":{"line":58,"column":29},"end":{"line":61,"column":6}},"21":{"start":{"line":62,"column":4},"end":{"line":66,"column":8}},"22":{"start":{"line":63,"column":6},"end":{"line":66,"column":8}},"23":{"start":{"line":68,"column":45},"end":{"line":69,"column":null}},"24":{"start":{"line":69,"column":13},"end":{"line":69,"column":35}},"25":{"start":{"line":72,"column":4},"end":{"line":76,"column":8}},"26":{"start":{"line":73,"column":6},"end":{"line":76,"column":8}},"27":{"start":{"line":78,"column":4},"end":{"line":78,"column":26}},"28":{"start":{"line":82,"column":29},"end":{"line":85,"column":6}},"29":{"start":{"line":86,"column":4},"end":{"line":90,"column":8}},"30":{"start":{"line":87,"column":6},"end":{"line":90,"column":8}},"31":{"start":{"line":92,"column":4},"end":{"line":92,"column":28}},"32":{"start":{"line":99,"column":29},"end":{"line":102,"column":6}},"33":{"start":{"line":104,"column":4},"end":{"line":108,"column":8}},"34":{"start":{"line":105,"column":6},"end":{"line":108,"column":8}},"35":{"start":{"line":110,"column":4},"end":{"line":120,"column":null}},"36":{"start":{"line":110,"column":17},"end":{"line":110,"column":18}},"37":{"start":{"line":112,"column":8},"end":{"line":114,"column":10}},"38":{"start":{"line":115,"column":6},"end":{"line":119,"column":10}},"39":{"start":{"line":116,"column":8},"end":{"line":119,"column":10}},"40":{"start":{"line":122,"column":4},"end":{"line":122,"column":35}},"41":{"start":{"line":123,"column":4},"end":{"line":123,"column":48}},"42":{"start":{"line":128,"column":6},"end":{"line":128,"column":78}},"43":{"start":{"line":129,"column":4},"end":{"line":133,"column":8}},"44":{"start":{"line":130,"column":6},"end":{"line":133,"column":8}},"45":{"start":{"line":135,"column":36},"end":{"line":138,"column":6}},"46":{"start":{"line":139,"column":4},"end":{"line":143,"column":8}},"47":{"start":{"line":140,"column":6},"end":{"line":143,"column":8}},"48":{"start":{"line":145,"column":46},"end":{"line":146,"column":null}},"49":{"start":{"line":146,"column":13},"end":{"line":146,"column":42}},"50":{"start":{"line":149,"column":4},"end":{"line":153,"column":8}},"51":{"start":{"line":150,"column":6},"end":{"line":153,"column":8}},"52":{"start":{"line":154,"column":4},"end":{"line":156,"column":6}},"53":{"start":{"line":155,"column":13},"end":{"line":155,"column":34}},"54":{"start":{"line":157,"column":4},"end":{"line":157,"column":48}},"55":{"start":{"line":12,"column":13},"end":{"line":159,"column":null}},"56":{"start":{"line":12,"column":13},"end":{"line":12,"column":34}}},"fnMap":{"0":{"name":"(anonymous_4)","decl":{"start":{"line":13,"column":2},"end":{"line":13,"column":null}},"loc":{"start":{"line":18,"column":59},"end":{"line":19,"column":6}}},"1":{"name":"(anonymous_5)","decl":{"start":{"line":20,"column":2},"end":{"line":20,"column":7}},"loc":{"start":{"line":22,"column":24},"end":{"line":44,"column":3}}},"2":{"name":"(anonymous_6)","decl":{"start":{"line":46,"column":2},"end":{"line":46,"column":7}},"loc":{"start":{"line":48,"column":24},"end":{"line":79,"column":3}}},"3":{"name":"(anonymous_7)","decl":{"start":{"line":69,"column":6},"end":{"line":69,"column":7}},"loc":{"start":{"line":69,"column":13},"end":{"line":69,"column":35}}},"4":{"name":"(anonymous_8)","decl":{"start":{"line":81,"column":2},"end":{"line":81,"column":7}},"loc":{"start":{"line":81,"column":46},"end":{"line":93,"column":3}}},"5":{"name":"(anonymous_9)","decl":{"start":{"line":95,"column":2},"end":{"line":95,"column":7}},"loc":{"start":{"line":97,"column":35},"end":{"line":124,"column":3}}},"6":{"name":"(anonymous_10)","decl":{"start":{"line":126,"column":2},"end":{"line":126,"column":7}},"loc":{"start":{"line":126,"column":65},"end":{"line":158,"column":3}}},"7":{"name":"(anonymous_11)","decl":{"start":{"line":146,"column":6},"end":{"line":146,"column":7}},"loc":{"start":{"line":146,"column":13},"end":{"line":146,"column":42}}},"8":{"name":"(anonymous_12)","decl":{"start":{"line":155,"column":6},"end":{"line":155,"column":7}},"loc":{"start":{"line":155,"column":13},"end":{"line":155,"column":34}}}},"branchMap":{"0":{"loc":{"start":{"line":26,"column":4},"end":{"line":30,"column":8}},"type":"if","locations":[{"start":{"line":26,"column":4},"end":{"line":30,"column":8}}]},"1":{"loc":{"start":{"line":36,"column":4},"end":{"line":40,"column":8}},"type":"if","locations":[{"start":{"line":36,"column":4},"end":{"line":40,"column":8}}]},"2":{"loc":{"start":{"line":52,"column":4},"end":{"line":56,"column":8}},"type":"if","locations":[{"start":{"line":52,"column":4},"end":{"line":56,"column":8}}]},"3":{"loc":{"start":{"line":62,"column":4},"end":{"line":66,"column":8}},"type":"if","locations":[{"start":{"line":62,"column":4},"end":{"line":66,"column":8}}]},"4":{"loc":{"start":{"line":72,"column":4},"end":{"line":76,"column":8}},"type":"if","locations":[{"start":{"line":72,"column":4},"end":{"line":76,"column":8}}]},"5":{"loc":{"start":{"line":86,"column":4},"end":{"line":90,"column":8}},"type":"if","locations":[{"start":{"line":86,"column":4},"end":{"line":90,"column":8}}]},"6":{"loc":{"start":{"line":104,"column":4},"end":{"line":108,"column":8}},"type":"if","locations":[{"start":{"line":104,"column":4},"end":{"line":108,"column":8}}]},"7":{"loc":{"start":{"line":115,"column":6},"end":{"line":119,"column":10}},"type":"if","locations":[{"start":{"line":115,"column":6},"end":{"line":119,"column":10}}]},"8":{"loc":{"start":{"line":129,"column":4},"end":{"line":133,"column":8}},"type":"if","locations":[{"start":{"line":129,"column":4},"end":{"line":133,"column":8}}]},"9":{"loc":{"start":{"line":139,"column":4},"end":{"line":143,"column":8}},"type":"if","locations":[{"start":{"line":139,"column":4},"end":{"line":143,"column":8}}]},"10":{"loc":{"start":{"line":149,"column":4},"end":{"line":153,"column":8}},"type":"if","locations":[{"start":{"line":149,"column":4},"end":{"line":153,"column":8}}]}},"s":{"0":1,"1":1,"2":1,"3":1,"4":1,"5":1,"6":1,"7":17,"8":17,"9":3,"10":3,"11":1,"12":2,"13":2,"14":1,"15":1,"16":1,"17":4,"18":4,"19":1,"20":3,"21":3,"22":1,"23":2,"24":6,"25":2,"26":1,"27":1,"28":2,"29":2,"30":1,"31":1,"32":3,"33":3,"34":1,"35":2,"36":2,"37":2,"38":2,"39":1,"40":1,"41":1,"42":4,"43":4,"44":1,"45":3,"46":3,"47":1,"48":2,"49":6,"50":2,"51":1,"52":1,"53":5,"54":1,"55":1,"56":1},"f":{"0":17,"1":3,"2":4,"3":6,"4":2,"5":3,"6":4,"7":6,"8":5},"b":{"0":[1],"1":[1],"2":[1],"3":[1],"4":[1],"5":[1],"6":[1],"7":[1],"8":[1],"9":[1],"10":[1]}}
,"/home/jlopez/cultures/src/country/country.controller.ts": {"path":"/home/jlopez/cultures/src/country/country.controller.ts","statementMap":{"0":{"start":{"line":2,"column":0},"end":{"line":2,"column":null}},"1":{"start":{"line":4,"column":0},"end":{"line":4,"column":52}},"2":{"start":{"line":5,"column":0},"end":{"line":5,"column":62}},"3":{"start":{"line":6,"column":0},"end":{"line":6,"column":95}},"4":{"start":{"line":7,"column":0},"end":{"line":7,"column":43}},"5":{"start":{"line":8,"column":0},"end":{"line":8,"column":49}},"6":{"start":{"line":9,"column":0},"end":{"line":9,"column":51}},"7":{"start":{"line":10,"column":0},"end":{"line":10,"column":42}},"8":{"start":{"line":11,"column":0},"end":{"line":11,"column":48}},"9":{"start":{"line":12,"column":0},"end":{"line":12,"column":57}},"10":{"start":{"line":17,"column":7},"end":{"line":58,"column":null}},"11":{"start":{"line":18,"column":33},"end":{"line":18,"column":49}},"12":{"start":{"line":24,"column":8},"end":{"line":24,"column":51}},"13":{"start":{"line":31,"column":8},"end":{"line":31,"column":60}},"14":{"start":{"line":38,"column":39},"end":{"line":38,"column":81}},"15":{"start":{"line":39,"column":8},"end":{"line":39,"column":57}},"16":{"start":{"line":46,"column":39},"end":{"line":46,"column":81}},"17":{"start":{"line":47,"column":8},"end":{"line":47,"column":68}},"18":{"start":{"line":55,"column":8},"end":{"line":55,"column":59}},"19":{"start":{"line":23,"column":10},"end":{"line":25,"column":null}},"20":{"start":{"line":30,"column":10},"end":{"line":32,"column":null}},"21":{"start":{"line":37,"column":10},"end":{"line":40,"column":null}},"22":{"start":{"line":45,"column":10},"end":{"line":48,"column":null}},"23":{"start":{"line":54,"column":10},"end":{"line":56,"column":null}},"24":{"start":{"line":17,"column":13},"end":{"line":58,"column":null}},"25":{"start":{"line":17,"column":13},"end":{"line":17,"column":30}}},"fnMap":{"0":{"name":"(anonymous_4)","decl":{"start":{"line":18,"column":4},"end":{"line":18,"column":33}},"loc":{"start":{"line":18,"column":63},"end":{"line":18,"column":67}}},"1":{"name":"(anonymous_5)","decl":{"start":{"line":23,"column":4},"end":{"line":23,"column":9}},"loc":{"start":{"line":23,"column":17},"end":{"line":25,"column":5}}},"2":{"name":"(anonymous_6)","decl":{"start":{"line":30,"column":4},"end":{"line":30,"column":9}},"loc":{"start":{"line":30,"column":55},"end":{"line":32,"column":5}}},"3":{"name":"(anonymous_7)","decl":{"start":{"line":37,"column":4},"end":{"line":37,"column":9}},"loc":{"start":{"line":37,"column":47},"end":{"line":40,"column":5}}},"4":{"name":"(anonymous_8)","decl":{"start":{"line":45,"column":4},"end":{"line":45,"column":9}},"loc":{"start":{"line":45,"column":86},"end":{"line":48,"column":5}}},"5":{"name":"(anonymous_9)","decl":{"start":{"line":54,"column":4},"end":{"line":54,"column":9}},"loc":{"start":{"line":54,"column":54},"end":{"line":56,"column":5}}}},"branchMap":{},"s":{"0":0,"1":0,"2":0,"3":0,"4":0,"5":0,"6":0,"7":0,"8":0,"9":0,"10":0,"11":0,"12":0,"13":0,"14":0,"15":0,"16":0,"17":0,"18":0,"19":0,"20":0,"21":0,"22":0,"23":0,"24":0,"25":0},"f":{"0":0,"1":0,"2":0,"3":0,"4":0,"5":0},"b":{}}
,"/home/jlopez/cultures/src/country/country.dto.ts": {"path":"/home/jlopez/cultures/src/country/country.dto.ts","statementMap":{"0":{"start":{"line":2,"column":0},"end":{"line":2,"column":51}},"1":{"start":{"line":3,"column":0},"end":{"line":3,"column":55}},"2":{"start":{"line":6,"column":7},"end":{"line":16,"column":null}},"3":{"start":{"line":7,"column":4},"end":{"line":10,"column":null}},"4":{"start":{"line":12,"column":4},"end":{"line":15,"column":null}},"5":{"start":{"line":6,"column":13},"end":{"line":16,"column":null}},"6":{"start":{"line":6,"column":13},"end":{"line":6,"column":23}}},"fnMap":{},"branchMap":{},"s":{"0":0,"1":0,"2":0,"3":0,"4":0,"5":0,"6":0},"f":{},"b":{}}
,"/home/jlopez/cultures/src/country/country.entity.ts": {"path":"/home/jlopez/cultures/src/country/country.entity.ts","statementMap":{"0":{"start":{"line":1,"column":0},"end":{"line":1,"column":null}},"1":{"start":{"line":9,"column":0},"end":{"line":9,"column":58}},"2":{"start":{"line":10,"column":0},"end":{"line":10,"column":55}},"3":{"start":{"line":11,"column":0},"end":{"line":11,"column":49}},"4":{"start":{"line":12,"column":0},"end":{"line":12,"column":52}},"5":{"start":{"line":16,"column":7},"end":{"line":41,"column":null}},"6":{"start":{"line":17,"column":2},"end":{"line":19,"column":null}},"7":{"start":{"line":21,"column":2},"end":{"line":23,"column":null}},"8":{"start":{"line":25,"column":2},"end":{"line":30,"column":null}},"9":{"start":{"line":32,"column":2},"end":{"line":33,"column":null}},"10":{"start":{"line":32,"column":19},"end":{"line":32,"column":29}},"11":{"start":{"line":32,"column":41},"end":{"line":32,"column":55}},"12":{"start":{"line":35,"column":2},"end":{"line":36,"column":null}},"13":{"start":{"line":35,"column":19},"end":{"line":35,"column":31}},"14":{"start":{"line":35,"column":45},"end":{"line":35,"column":61}},"15":{"start":{"line":38,"column":2},"end":{"line":40,"column":null}},"16":{"start":{"line":38,"column":17},"end":{"line":38,"column":32}},"17":{"start":{"line":39,"column":20},"end":{"line":39,"column":33}},"18":{"start":{"line":39,"column":48},"end":{"line":39,"column":65}},"19":{"start":{"line":16,"column":13},"end":{"line":41,"column":null}},"20":{"start":{"line":16,"column":13},"end":{"line":16,"column":26}}},"fnMap":{"0":{"name":"(anonymous_2)","decl":{"start":{"line":32,"column":13},"end":{"line":32,"column":16}},"loc":{"start":{"line":32,"column":19},"end":{"line":32,"column":29}}},"1":{"name":"(anonymous_3)","decl":{"start":{"line":32,"column":31},"end":{"line":32,"column":32}},"loc":{"start":{"line":32,"column":41},"end":{"line":32,"column":55}}},"2":{"name":"(anonymous_4)","decl":{"start":{"line":35,"column":13},"end":{"line":35,"column":16}},"loc":{"start":{"line":35,"column":19},"end":{"line":35,"column":31}}},"3":{"name":"(anonymous_5)","decl":{"start":{"line":35,"column":33},"end":{"line":35,"column":34}},"loc":{"start":{"line":35,"column":45},"end":{"line":35,"column":61}}},"4":{"name":"(anonymous_6)","decl":{"start":{"line":38,"column":9},"end":{"line":38,"column":13}},"loc":{"start":{"line":38,"column":17},"end":{"line":38,"column":32}}},"5":{"name":"(anonymous_7)","decl":{"start":{"line":39,"column":14},"end":{"line":39,"column":17}},"loc":{"start":{"line":39,"column":20},"end":{"line":39,"column":33}}},"6":{"name":"(anonymous_8)","decl":{"start":{"line":39,"column":35},"end":{"line":39,"column":36}},"loc":{"start":{"line":39,"column":48},"end":{"line":39,"column":65}}}},"branchMap":{},"s":{"0":15,"1":15,"2":15,"3":15,"4":15,"5":15,"6":15,"7":15,"8":15,"9":15,"10":163,"11":163,"12":15,"13":163,"14":163,"15":15,"16":0,"17":163,"18":163,"19":15,"20":15},"f":{"0":163,"1":163,"2":163,"3":163,"4":0,"5":163,"6":163},"b":{}}
,"/home/jlopez/cultures/src/country/country.module.ts": {"path":"/home/jlopez/cultures/src/country/country.module.ts","statementMap":{"0":{"start":{"line":2,"column":0},"end":{"line":2,"column":52}},"1":{"start":{"line":3,"column":0},"end":{"line":3,"column":53}},"2":{"start":{"line":4,"column":0},"end":{"line":4,"column":48}},"3":{"start":{"line":5,"column":0},"end":{"line":5,"column":49}},"4":{"start":{"line":6,"column":0},"end":{"line":6,"column":51}},"5":{"start":{"line":7,"column":0},"end":{"line":7,"column":57}},"6":{"start":{"line":8,"column":0},"end":{"line":8,"column":53}},"7":{"start":{"line":21,"column":7},"end":{"line":21,"column":null}},"8":{"start":{"line":21,"column":13},"end":{"line":21,"column":null}},"9":{"start":{"line":21,"column":13},"end":{"line":21,"column":26}}},"fnMap":{},"branchMap":{},"s":{"0":0,"1":0,"2":0,"3":0,"4":0,"5":0,"6":0,"7":0,"8":0,"9":0},"f":{},"b":{}}
,"/home/jlopez/cultures/src/country/country.resolver.ts": {"path":"/home/jlopez/cultures/src/country/country.resolver.ts","statementMap":{"0":{"start":{"line":2,"column":0},"end":{"line":2,"column":66}},"1":{"start":{"line":3,"column":0},"end":{"line":3,"column":52}},"2":{"start":{"line":4,"column":0},"end":{"line":4,"column":43}},"3":{"start":{"line":5,"column":0},"end":{"line":5,"column":49}},"4":{"start":{"line":6,"column":0},"end":{"line":6,"column":51}},"5":{"start":{"line":9,"column":7},"end":{"line":39,"column":null}},"6":{"start":{"line":10,"column":24},"end":{"line":10,"column":40}},"7":{"start":{"line":14,"column":7},"end":{"line":14,"column":44}},"8":{"start":{"line":19,"column":8},"end":{"line":19,"column":47}},"9":{"start":{"line":24,"column":24},"end":{"line":24,"column":66}},"10":{"start":{"line":25,"column":8},"end":{"line":25,"column":51}},"11":{"start":{"line":30,"column":24},"end":{"line":30,"column":66}},"12":{"start":{"line":31,"column":8},"end":{"line":31,"column":55}},"13":{"start":{"line":36,"column":8},"end":{"line":36,"column":39}},"14":{"start":{"line":37,"column":8},"end":{"line":37,"column":18}},"15":{"start":{"line":12,"column":4},"end":{"line":15,"column":null}},"16":{"start":{"line":12,"column":17},"end":{"line":12,"column":32}},"17":{"start":{"line":17,"column":4},"end":{"line":20,"column":null}},"18":{"start":{"line":17,"column":17},"end":{"line":17,"column":30}},"19":{"start":{"line":22,"column":4},"end":{"line":26,"column":null}},"20":{"start":{"line":22,"column":20},"end":{"line":22,"column":33}},"21":{"start":{"line":28,"column":4},"end":{"line":32,"column":null}},"22":{"start":{"line":28,"column":20},"end":{"line":28,"column":33}},"23":{"start":{"line":34,"column":4},"end":{"line":38,"column":null}},"24":{"start":{"line":34,"column":20},"end":{"line":34,"column":26}},"25":{"start":{"line":9,"column":13},"end":{"line":39,"column":null}},"26":{"start":{"line":9,"column":13},"end":{"line":9,"column":28}}},"fnMap":{"0":{"name":"(anonymous_4)","decl":{"start":{"line":10,"column":4},"end":{"line":10,"column":24}},"loc":{"start":{"line":10,"column":54},"end":{"line":10,"column":58}}},"1":{"name":"(anonymous_5)","decl":{"start":{"line":13,"column":4},"end":{"line":13,"column":13}},"loc":{"start":{"line":13,"column":13},"end":{"line":15,"column":5}}},"2":{"name":"(anonymous_6)","decl":{"start":{"line":18,"column":4},"end":{"line":18,"column":11}},"loc":{"start":{"line":18,"column":34},"end":{"line":20,"column":5}}},"3":{"name":"(anonymous_7)","decl":{"start":{"line":23,"column":4},"end":{"line":23,"column":17}},"loc":{"start":{"line":23,"column":57},"end":{"line":26,"column":5}}},"4":{"name":"(anonymous_8)","decl":{"start":{"line":29,"column":4},"end":{"line":29,"column":17}},"loc":{"start":{"line":29,"column":81},"end":{"line":32,"column":5}}},"5":{"name":"(anonymous_9)","decl":{"start":{"line":35,"column":4},"end":{"line":35,"column":17}},"loc":{"start":{"line":35,"column":40},"end":{"line":38,"column":5}}},"6":{"name":"(anonymous_10)","decl":{"start":{"line":12,"column":11},"end":{"line":12,"column":14}},"loc":{"start":{"line":12,"column":17},"end":{"line":12,"column":32}}},"7":{"name":"(anonymous_11)","decl":{"start":{"line":17,"column":11},"end":{"line":17,"column":14}},"loc":{"start":{"line":17,"column":17},"end":{"line":17,"column":30}}},"8":{"name":"(anonymous_12)","decl":{"start":{"line":22,"column":14},"end":{"line":22,"column":17}},"loc":{"start":{"line":22,"column":20},"end":{"line":22,"column":33}}},"9":{"name":"(anonymous_13)","decl":{"start":{"line":28,"column":14},"end":{"line":28,"column":17}},"loc":{"start":{"line":28,"column":20},"end":{"line":28,"column":33}}},"10":{"name":"(anonymous_14)","decl":{"start":{"line":34,"column":14},"end":{"line":34,"column":17}},"loc":{"start":{"line":34,"column":20},"end":{"line":34,"column":26}}}},"branchMap":{},"s":{"0":0,"1":0,"2":0,"3":0,"4":0,"5":0,"6":0,"7":0,"8":0,"9":0,"10":0,"11":0,"12":0,"13":0,"14":0,"15":0,"16":0,"17":0,"18":0,"19":0,"20":0,"21":0,"22":0,"23":0,"24":0,"25":0,"26":0},"f":{"0":0,"1":0,"2":0,"3":0,"4":0,"5":0,"6":0,"7":0,"8":0,"9":0,"10":0},"b":{}}
,"/home/jlopez/cultures/src/country/country.service.ts": {"path":"/home/jlopez/cultures/src/country/country.service.ts","statementMap":{"0":{"start":{"line":2,"column":0},"end":{"line":2,"column":67}},"1":{"start":{"line":3,"column":0},"end":{"line":3,"column":51}},"2":{"start":{"line":4,"column":0},"end":{"line":4,"column":null}},"3":{"start":{"line":8,"column":0},"end":{"line":8,"column":37}},"4":{"start":{"line":9,"column":0},"end":{"line":9,"column":49}},"5":{"start":{"line":13,"column":7},"end":{"line":75,"column":null}},"6":{"start":{"line":17,"column":21},"end":{"line":17,"column":40}},"7":{"start":{"line":20,"column":21},"end":{"line":20,"column":40}},"8":{"start":{"line":14,"column":2},"end":{"line":14,"column":25}},"9":{"start":{"line":24,"column":36},"end":{"line":24,"column":95}},"10":{"start":{"line":25,"column":4},"end":{"line":31,"column":null}},"11":{"start":{"line":26,"column":41},"end":{"line":28,"column":8}},"12":{"start":{"line":29,"column":6},"end":{"line":29,"column":60}},"13":{"start":{"line":30,"column":6},"end":{"line":30,"column":23}},"14":{"start":{"line":32,"column":4},"end":{"line":32,"column":18}},"15":{"start":{"line":36,"column":35},"end":{"line":39,"column":6}},"16":{"start":{"line":40,"column":4},"end":{"line":44,"column":8}},"17":{"start":{"line":41,"column":6},"end":{"line":44,"column":8}},"18":{"start":{"line":45,"column":4},"end":{"line":45,"column":19}},"19":{"start":{"line":49,"column":4},"end":{"line":49,"column":54}},"20":{"start":{"line":54,"column":6},"end":{"line":54,"column":61}},"21":{"start":{"line":55,"column":4},"end":{"line":59,"column":8}},"22":{"start":{"line":56,"column":6},"end":{"line":59,"column":8}},"23":{"start":{"line":60,"column":4},"end":{"line":60,"column":20}},"24":{"start":{"line":61,"column":4},"end":{"line":61,"column":80}},"25":{"start":{"line":65,"column":35},"end":{"line":67,"column":6}},"26":{"start":{"line":68,"column":4},"end":{"line":72,"column":8}},"27":{"start":{"line":69,"column":6},"end":{"line":72,"column":8}},"28":{"start":{"line":73,"column":4},"end":{"line":73,"column":49}},"29":{"start":{"line":13,"column":13},"end":{"line":75,"column":null}},"30":{"start":{"line":13,"column":13},"end":{"line":13,"column":27}}},"fnMap":{"0":{"name":"(anonymous_4)","decl":{"start":{"line":15,"column":2},"end":{"line":15,"column":null}},"loc":{"start":{"line":20,"column":40},"end":{"line":21,"column":6}}},"1":{"name":"(anonymous_5)","decl":{"start":{"line":23,"column":2},"end":{"line":23,"column":7}},"loc":{"start":{"line":23,"column":15},"end":{"line":33,"column":3}}},"2":{"name":"(anonymous_6)","decl":{"start":{"line":35,"column":2},"end":{"line":35,"column":7}},"loc":{"start":{"line":35,"column":26},"end":{"line":46,"column":3}}},"3":{"name":"(anonymous_7)","decl":{"start":{"line":48,"column":2},"end":{"line":48,"column":7}},"loc":{"start":{"line":48,"column":37},"end":{"line":50,"column":3}}},"4":{"name":"(anonymous_8)","decl":{"start":{"line":52,"column":2},"end":{"line":52,"column":7}},"loc":{"start":{"line":52,"column":49},"end":{"line":62,"column":3}}},"5":{"name":"(anonymous_9)","decl":{"start":{"line":64,"column":2},"end":{"line":64,"column":7}},"loc":{"start":{"line":64,"column":25},"end":{"line":74,"column":3}}}},"branchMap":{"0":{"loc":{"start":{"line":25,"column":4},"end":{"line":31,"column":null}},"type":"if","locations":[{"start":{"line":25,"column":4},"end":{"line":31,"column":null}}]},"1":{"loc":{"start":{"line":40,"column":4},"end":{"line":44,"column":8}},"type":"if","locations":[{"start":{"line":40,"column":4},"end":{"line":44,"column":8}}]},"2":{"loc":{"start":{"line":55,"column":4},"end":{"line":59,"column":8}},"type":"if","locations":[{"start":{"line":55,"column":4},"end":{"line":59,"column":8}}]},"3":{"loc":{"start":{"line":68,"column":4},"end":{"line":72,"column":8}},"type":"if","locations":[{"start":{"line":68,"column":4},"end":{"line":72,"column":8}}]}},"s":{"0":1,"1":1,"2":1,"3":1,"4":1,"5":1,"6":9,"7":9,"8":9,"9":1,"10":1,"11":1,"12":1,"13":1,"14":0,"15":2,"16":2,"17":1,"18":1,"19":1,"20":2,"21":2,"22":1,"23":1,"24":1,"25":2,"26":2,"27":1,"28":1,"29":1,"30":1},"f":{"0":9,"1":1,"2":2,"3":1,"4":2,"5":2},"b":{"0":[1],"1":[1],"2":[1],"3":[1]}}
,"/home/jlopez/cultures/src/country-city/country-city.controller.ts": {"path":"/home/jlopez/cultures/src/country-city/country-city.controller.ts","statementMap":{"0":{"start":{"line":1,"column":0},"end":{"line":1,"column":null}},"1":{"start":{"line":12,"column":0},"end":{"line":12,"column":52}},"2":{"start":{"line":14,"column":0},"end":{"line":14,"column":50}},"3":{"start":{"line":15,"column":0},"end":{"line":15,"column":95}},"4":{"start":{"line":16,"column":0},"end":{"line":16,"column":60}},"5":{"start":{"line":20,"column":7},"end":{"line":67,"column":null}},"6":{"start":{"line":21,"column":31},"end":{"line":21,"column":51}},"7":{"start":{"line":28,"column":4},"end":{"line":28,"column":75}},"8":{"start":{"line":36,"column":4},"end":{"line":39,"column":6}},"9":{"start":{"line":44,"column":4},"end":{"line":44,"column":74}},"10":{"start":{"line":52,"column":19},"end":{"line":52,"column":57}},"11":{"start":{"line":53,"column":4},"end":{"line":56,"column":6}},"12":{"start":{"line":65,"column":4},"end":{"line":65,"column":78}},"13":{"start":{"line":24,"column":8},"end":{"line":29,"column":null}},"14":{"start":{"line":32,"column":8},"end":{"line":40,"column":null}},"15":{"start":{"line":43,"column":8},"end":{"line":45,"column":null}},"16":{"start":{"line":48,"column":8},"end":{"line":57,"column":null}},"17":{"start":{"line":61,"column":8},"end":{"line":66,"column":null}},"18":{"start":{"line":20,"column":13},"end":{"line":67,"column":null}},"19":{"start":{"line":20,"column":13},"end":{"line":20,"column":34}}},"fnMap":{"0":{"name":"(anonymous_4)","decl":{"start":{"line":21,"column":2},"end":{"line":21,"column":31}},"loc":{"start":{"line":21,"column":69},"end":{"line":21,"column":73}}},"1":{"name":"(anonymous_5)","decl":{"start":{"line":24,"column":2},"end":{"line":24,"column":7}},"loc":{"start":{"line":26,"column":35},"end":{"line":29,"column":3}}},"2":{"name":"(anonymous_6)","decl":{"start":{"line":32,"column":2},"end":{"line":32,"column":7}},"loc":{"start":{"line":34,"column":35},"end":{"line":40,"column":3}}},"3":{"name":"(anonymous_7)","decl":{"start":{"line":43,"column":2},"end":{"line":43,"column":7}},"loc":{"start":{"line":43,"column":67},"end":{"line":45,"column":3}}},"4":{"name":"(anonymous_8)","decl":{"start":{"line":48,"column":2},"end":{"line":48,"column":7}},"loc":{"start":{"line":50,"column":41},"end":{"line":57,"column":3}}},"5":{"name":"(anonymous_9)","decl":{"start":{"line":61,"column":2},"end":{"line":61,"column":7}},"loc":{"start":{"line":63,"column":35},"end":{"line":66,"column":3}}}},"branchMap":{},"s":{"0":0,"1":0,"2":0,"3":0,"4":0,"5":0,"6":0,"7":0,"8":0,"9":0,"10":0,"11":0,"12":0,"13":0,"14":0,"15":0,"16":0,"17":0,"18":0,"19":0},"f":{"0":0,"1":0,"2":0,"3":0,"4":0,"5":0},"b":{}}
,"/home/jlopez/cultures/src/country-city/country-city.module.ts": {"path":"/home/jlopez/cultures/src/country-city/country-city.module.ts","statementMap":{"0":{"start":{"line":1,"column":0},"end":{"line":1,"column":40}},"1":{"start":{"line":2,"column":0},"end":{"line":2,"column":50}},"2":{"start":{"line":3,"column":0},"end":{"line":3,"column":59}},"3":{"start":{"line":4,"column":0},"end":{"line":4,"column":60}},"4":{"start":{"line":5,"column":0},"end":{"line":5,"column":48}},"5":{"start":{"line":6,"column":0},"end":{"line":6,"column":66}},"6":{"start":{"line":13,"column":7},"end":{"line":13,"column":null}},"7":{"start":{"line":13,"column":13},"end":{"line":13,"column":null}},"8":{"start":{"line":13,"column":13},"end":{"line":13,"column":30}}},"fnMap":{},"branchMap":{},"s":{"0":0,"1":0,"2":0,"3":0,"4":0,"5":0,"6":0,"7":0,"8":0},"f":{},"b":{}}
,"/home/jlopez/cultures/src/country-city/country-city.service.ts": {"path":"/home/jlopez/cultures/src/country-city/country-city.service.ts","statementMap":{"0":{"start":{"line":1,"column":0},"end":{"line":1,"column":44}},"1":{"start":{"line":2,"column":0},"end":{"line":2,"column":51}},"2":{"start":{"line":3,"column":0},"end":{"line":3,"column":37}},"3":{"start":{"line":4,"column":0},"end":{"line":4,"column":49}},"4":{"start":{"line":5,"column":0},"end":{"line":5,"column":58}},"5":{"start":{"line":6,"column":0},"end":{"line":6,"column":null}},"6":{"start":{"line":12,"column":7},"end":{"line":160,"column":null}},"7":{"start":{"line":15,"column":21},"end":{"line":15,"column":37}},"8":{"start":{"line":18,"column":21},"end":{"line":18,"column":40}},"9":{"start":{"line":24,"column":29},"end":{"line":26,"column":6}},"10":{"start":{"line":27,"column":4},"end":{"line":31,"column":8}},"11":{"start":{"line":28,"column":6},"end":{"line":31,"column":8}},"12":{"start":{"line":33,"column":35},"end":{"line":36,"column":6}},"13":{"start":{"line":37,"column":4},"end":{"line":41,"column":8}},"14":{"start":{"line":38,"column":6},"end":{"line":41,"column":8}},"15":{"start":{"line":42,"column":4},"end":{"line":42,"column":47}},"16":{"start":{"line":43,"column":4},"end":{"line":43,"column":54}},"17":{"start":{"line":50,"column":29},"end":{"line":52,"column":6}},"18":{"start":{"line":53,"column":4},"end":{"line":57,"column":8}},"19":{"start":{"line":54,"column":6},"end":{"line":57,"column":8}},"20":{"start":{"line":59,"column":35},"end":{"line":62,"column":6}},"21":{"start":{"line":63,"column":4},"end":{"line":67,"column":8}},"22":{"start":{"line":64,"column":6},"end":{"line":67,"column":8}},"23":{"start":{"line":69,"column":36},"end":{"line":70,"column":null}},"24":{"start":{"line":70,"column":13},"end":{"line":70,"column":29}},"25":{"start":{"line":73,"column":4},"end":{"line":77,"column":8}},"26":{"start":{"line":74,"column":6},"end":{"line":77,"column":8}},"27":{"start":{"line":79,"column":4},"end":{"line":79,"column":23}},"28":{"start":{"line":83,"column":35},"end":{"line":86,"column":6}},"29":{"start":{"line":87,"column":4},"end":{"line":91,"column":8}},"30":{"start":{"line":88,"column":6},"end":{"line":91,"column":8}},"31":{"start":{"line":93,"column":4},"end":{"line":93,"column":26}},"32":{"start":{"line":100,"column":35},"end":{"line":103,"column":6}},"33":{"start":{"line":105,"column":4},"end":{"line":109,"column":8}},"34":{"start":{"line":106,"column":6},"end":{"line":109,"column":8}},"35":{"start":{"line":111,"column":4},"end":{"line":120,"column":null}},"36":{"start":{"line":111,"column":17},"end":{"line":111,"column":18}},"37":{"start":{"line":112,"column":31},"end":{"line":114,"column":8}},"38":{"start":{"line":115,"column":6},"end":{"line":119,"column":10}},"39":{"start":{"line":116,"column":8},"end":{"line":119,"column":10}},"40":{"start":{"line":122,"column":4},"end":{"line":122,"column":28}},"41":{"start":{"line":123,"column":4},"end":{"line":123,"column":54}},"42":{"start":{"line":127,"column":36},"end":{"line":129,"column":6}},"43":{"start":{"line":130,"column":4},"end":{"line":134,"column":8}},"44":{"start":{"line":131,"column":6},"end":{"line":134,"column":8}},"45":{"start":{"line":136,"column":42},"end":{"line":139,"column":6}},"46":{"start":{"line":140,"column":4},"end":{"line":144,"column":8}},"47":{"start":{"line":141,"column":6},"end":{"line":144,"column":8}},"48":{"start":{"line":146,"column":37},"end":{"line":147,"column":null}},"49":{"start":{"line":147,"column":13},"end":{"line":147,"column":36}},"50":{"start":{"line":150,"column":4},"end":{"line":154,"column":8}},"51":{"start":{"line":151,"column":6},"end":{"line":154,"column":8}},"52":{"start":{"line":155,"column":4},"end":{"line":157,"column":6}},"53":{"start":{"line":156,"column":13},"end":{"line":156,"column":28}},"54":{"start":{"line":158,"column":4},"end":{"line":158,"column":54}},"55":{"start":{"line":12,"column":13},"end":{"line":160,"column":null}},"56":{"start":{"line":12,"column":13},"end":{"line":12,"column":31}}},"fnMap":{"0":{"name":"(anonymous_4)","decl":{"start":{"line":13,"column":2},"end":{"line":13,"column":null}},"loc":{"start":{"line":18,"column":65},"end":{"line":19,"column":6}}},"1":{"name":"(anonymous_5)","decl":{"start":{"line":20,"column":2},"end":{"line":20,"column":7}},"loc":{"start":{"line":22,"column":18},"end":{"line":44,"column":3}}},"2":{"name":"(anonymous_6)","decl":{"start":{"line":46,"column":2},"end":{"line":46,"column":7}},"loc":{"start":{"line":48,"column":18},"end":{"line":80,"column":3}}},"3":{"name":"(anonymous_7)","decl":{"start":{"line":70,"column":6},"end":{"line":70,"column":7}},"loc":{"start":{"line":70,"column":13},"end":{"line":70,"column":29}}},"4":{"name":"(anonymous_8)","decl":{"start":{"line":82,"column":2},"end":{"line":82,"column":7}},"loc":{"start":{"line":82,"column":47},"end":{"line":94,"column":3}}},"5":{"name":"(anonymous_9)","decl":{"start":{"line":96,"column":2},"end":{"line":96,"column":7}},"loc":{"start":{"line":98,"column":24},"end":{"line":124,"column":3}}},"6":{"name":"(anonymous_10)","decl":{"start":{"line":126,"column":2},"end":{"line":126,"column":7}},"loc":{"start":{"line":126,"column":59},"end":{"line":159,"column":3}}},"7":{"name":"(anonymous_11)","decl":{"start":{"line":147,"column":6},"end":{"line":147,"column":7}},"loc":{"start":{"line":147,"column":13},"end":{"line":147,"column":36}}},"8":{"name":"(anonymous_12)","decl":{"start":{"line":156,"column":6},"end":{"line":156,"column":7}},"loc":{"start":{"line":156,"column":13},"end":{"line":156,"column":28}}}},"branchMap":{"0":{"loc":{"start":{"line":27,"column":4},"end":{"line":31,"column":8}},"type":"if","locations":[{"start":{"line":27,"column":4},"end":{"line":31,"column":8}}]},"1":{"loc":{"start":{"line":37,"column":4},"end":{"line":41,"column":8}},"type":"if","locations":[{"start":{"line":37,"column":4},"end":{"line":41,"column":8}}]},"2":{"loc":{"start":{"line":53,"column":4},"end":{"line":57,"column":8}},"type":"if","locations":[{"start":{"line":53,"column":4},"end":{"line":57,"column":8}}]},"3":{"loc":{"start":{"line":63,"column":4},"end":{"line":67,"column":8}},"type":"if","locations":[{"start":{"line":63,"column":4},"end":{"line":67,"column":8}}]},"4":{"loc":{"start":{"line":73,"column":4},"end":{"line":77,"column":8}},"type":"if","locations":[{"start":{"line":73,"column":4},"end":{"line":77,"column":8}}]},"5":{"loc":{"start":{"line":87,"column":4},"end":{"line":91,"column":8}},"type":"if","locations":[{"start":{"line":87,"column":4},"end":{"line":91,"column":8}}]},"6":{"loc":{"start":{"line":105,"column":4},"end":{"line":109,"column":8}},"type":"if","locations":[{"start":{"line":105,"column":4},"end":{"line":109,"column":8}}]},"7":{"loc":{"start":{"line":115,"column":6},"end":{"line":119,"column":10}},"type":"if","locations":[{"start":{"line":115,"column":6},"end":{"line":119,"column":10}}]},"8":{"loc":{"start":{"line":130,"column":4},"end":{"line":134,"column":8}},"type":"if","locations":[{"start":{"line":130,"column":4},"end":{"line":134,"column":8}}]},"9":{"loc":{"start":{"line":140,"column":4},"end":{"line":144,"column":8}},"type":"if","locations":[{"start":{"line":140,"column":4},"end":{"line":144,"column":8}}]},"10":{"loc":{"start":{"line":150,"column":4},"end":{"line":154,"column":8}},"type":"if","locations":[{"start":{"line":150,"column":4},"end":{"line":154,"column":8}}]}},"s":{"0":1,"1":1,"2":1,"3":1,"4":1,"5":1,"6":1,"7":17,"8":17,"9":3,"10":3,"11":1,"12":2,"13":2,"14":1,"15":1,"16":1,"17":4,"18":4,"19":1,"20":3,"21":3,"22":1,"23":2,"24":6,"25":2,"26":1,"27":1,"28":2,"29":2,"30":1,"31":1,"32":3,"33":3,"34":1,"35":2,"36":2,"37":2,"38":2,"39":1,"40":1,"41":1,"42":4,"43":4,"44":1,"45":3,"46":3,"47":1,"48":2,"49":6,"50":2,"51":1,"52":1,"53":5,"54":1,"55":1,"56":1},"f":{"0":17,"1":3,"2":4,"3":6,"4":2,"5":3,"6":4,"7":6,"8":5},"b":{"0":[1],"1":[1],"2":[1],"3":[1],"4":[1],"5":[1],"6":[1],"7":[1],"8":[1],"9":[1],"10":[1]}}
,"/home/jlopez/cultures/src/culture/culture.controller.ts": {"path":"/home/jlopez/cultures/src/culture/culture.controller.ts","statementMap":{"0":{"start":{"line":2,"column":0},"end":{"line":2,"column":108}},"1":{"start":{"line":3,"column":0},"end":{"line":3,"column":52}},"2":{"start":{"line":4,"column":0},"end":{"line":4,"column":95}},"3":{"start":{"line":5,"column":0},"end":{"line":5,"column":43}},"4":{"start":{"line":6,"column":0},"end":{"line":6,"column":49}},"5":{"start":{"line":7,"column":0},"end":{"line":7,"column":51}},"6":{"start":{"line":8,"column":0},"end":{"line":8,"column":43}},"7":{"start":{"line":9,"column":0},"end":{"line":9,"column":61}},"8":{"start":{"line":10,"column":0},"end":{"line":10,"column":56}},"9":{"start":{"line":11,"column":0},"end":{"line":11,"column":48}},"10":{"start":{"line":12,"column":0},"end":{"line":12,"column":42}},"11":{"start":{"line":17,"column":7},"end":{"line":56,"column":null}},"12":{"start":{"line":17,"column":61},"end":{"line":17,"column":77}},"13":{"start":{"line":23,"column":2},"end":{"line":23,"column":45}},"14":{"start":{"line":30,"column":2},"end":{"line":30,"column":54}},"15":{"start":{"line":37,"column":33},"end":{"line":37,"column":75}},"16":{"start":{"line":38,"column":2},"end":{"line":38,"column":51}},"17":{"start":{"line":45,"column":33},"end":{"line":45,"column":75}},"18":{"start":{"line":46,"column":2},"end":{"line":46,"column":62}},"19":{"start":{"line":54,"column":2},"end":{"line":54,"column":53}},"20":{"start":{"line":22,"column":6},"end":{"line":24,"column":null}},"21":{"start":{"line":29,"column":6},"end":{"line":31,"column":null}},"22":{"start":{"line":36,"column":6},"end":{"line":39,"column":null}},"23":{"start":{"line":44,"column":6},"end":{"line":47,"column":null}},"24":{"start":{"line":53,"column":6},"end":{"line":55,"column":null}},"25":{"start":{"line":17,"column":13},"end":{"line":56,"column":null}},"26":{"start":{"line":17,"column":13},"end":{"line":17,"column":30}}},"fnMap":{"0":{"name":"(anonymous_4)","decl":{"start":{"line":17,"column":32},"end":{"line":17,"column":61}},"loc":{"start":{"line":17,"column":91},"end":{"line":17,"column":95}}},"1":{"name":"(anonymous_5)","decl":{"start":{"line":22,"column":0},"end":{"line":22,"column":5}},"loc":{"start":{"line":22,"column":13},"end":{"line":24,"column":1}}},"2":{"name":"(anonymous_6)","decl":{"start":{"line":29,"column":0},"end":{"line":29,"column":5}},"loc":{"start":{"line":29,"column":51},"end":{"line":31,"column":1}}},"3":{"name":"(anonymous_7)","decl":{"start":{"line":36,"column":0},"end":{"line":36,"column":5}},"loc":{"start":{"line":36,"column":43},"end":{"line":39,"column":1}}},"4":{"name":"(anonymous_8)","decl":{"start":{"line":44,"column":0},"end":{"line":44,"column":5}},"loc":{"start":{"line":44,"column":82},"end":{"line":47,"column":1}}},"5":{"name":"(anonymous_9)","decl":{"start":{"line":53,"column":0},"end":{"line":53,"column":5}},"loc":{"start":{"line":53,"column":50},"end":{"line":55,"column":1}}}},"branchMap":{},"s":{"0":0,"1":0,"2":0,"3":0,"4":0,"5":0,"6":0,"7":0,"8":0,"9":0,"10":0,"11":0,"12":0,"13":0,"14":0,"15":0,"16":0,"17":0,"18":0,"19":0,"20":0,"21":0,"22":0,"23":0,"24":0,"25":0,"26":0},"f":{"0":0,"1":0,"2":0,"3":0,"4":0,"5":0},"b":{}}
,"/home/jlopez/cultures/src/culture/culture.dto.ts": {"path":"/home/jlopez/cultures/src/culture/culture.dto.ts","statementMap":{"0":{"start":{"line":1,"column":0},"end":{"line":1,"column":51}},"1":{"start":{"line":2,"column":0},"end":{"line":2,"column":55}},"2":{"start":{"line":5,"column":7},"end":{"line":17,"column":null}},"3":{"start":{"line":8,"column":2},"end":{"line":11,"column":null}},"4":{"start":{"line":13,"column":2},"end":{"line":16,"column":null}},"5":{"start":{"line":5,"column":13},"end":{"line":17,"column":null}},"6":{"start":{"line":5,"column":13},"end":{"line":5,"column":23}}},"fnMap":{},"branchMap":{},"s":{"0":1,"1":1,"2":1,"3":1,"4":1,"5":1,"6":1},"f":{},"b":{}}
,"/home/jlopez/cultures/src/culture/culture.entity.ts": {"path":"/home/jlopez/cultures/src/culture/culture.entity.ts","statementMap":{"0":{"start":{"line":1,"column":0},"end":{"line":1,"column":null}},"1":{"start":{"line":9,"column":0},"end":{"line":9,"column":58}},"2":{"start":{"line":10,"column":0},"end":{"line":10,"column":55}},"3":{"start":{"line":11,"column":0},"end":{"line":11,"column":55}},"4":{"start":{"line":12,"column":0},"end":{"line":12,"column":52}},"5":{"start":{"line":16,"column":7},"end":{"line":40,"column":null}},"6":{"start":{"line":17,"column":2},"end":{"line":19,"column":null}},"7":{"start":{"line":21,"column":2},"end":{"line":23,"column":null}},"8":{"start":{"line":25,"column":2},"end":{"line":27,"column":null}},"9":{"start":{"line":29,"column":2},"end":{"line":31,"column":null}},"10":{"start":{"line":29,"column":17},"end":{"line":29,"column":31}},"11":{"start":{"line":30,"column":19},"end":{"line":30,"column":31}},"12":{"start":{"line":30,"column":45},"end":{"line":30,"column":60}},"13":{"start":{"line":33,"column":2},"end":{"line":34,"column":null}},"14":{"start":{"line":33,"column":19},"end":{"line":33,"column":31}},"15":{"start":{"line":33,"column":45},"end":{"line":33,"column":60}},"16":{"start":{"line":36,"column":2},"end":{"line":39,"column":null}},"17":{"start":{"line":36,"column":17},"end":{"line":36,"column":32}},"18":{"start":{"line":37,"column":20},"end":{"line":37,"column":33}},"19":{"start":{"line":37,"column":48},"end":{"line":37,"column":64}},"20":{"start":{"line":16,"column":13},"end":{"line":40,"column":null}},"21":{"start":{"line":16,"column":13},"end":{"line":16,"column":26}}},"fnMap":{"0":{"name":"(anonymous_2)","decl":{"start":{"line":29,"column":9},"end":{"line":29,"column":13}},"loc":{"start":{"line":29,"column":17},"end":{"line":29,"column":31}}},"1":{"name":"(anonymous_3)","decl":{"start":{"line":30,"column":13},"end":{"line":30,"column":16}},"loc":{"start":{"line":30,"column":19},"end":{"line":30,"column":31}}},"2":{"name":"(anonymous_4)","decl":{"start":{"line":30,"column":33},"end":{"line":30,"column":34}},"loc":{"start":{"line":30,"column":45},"end":{"line":30,"column":60}}},"3":{"name":"(anonymous_5)","decl":{"start":{"line":33,"column":13},"end":{"line":33,"column":16}},"loc":{"start":{"line":33,"column":19},"end":{"line":33,"column":31}}},"4":{"name":"(anonymous_6)","decl":{"start":{"line":33,"column":33},"end":{"line":33,"column":34}},"loc":{"start":{"line":33,"column":45},"end":{"line":33,"column":60}}},"5":{"name":"(anonymous_7)","decl":{"start":{"line":36,"column":9},"end":{"line":36,"column":13}},"loc":{"start":{"line":36,"column":17},"end":{"line":36,"column":32}}},"6":{"name":"(anonymous_8)","decl":{"start":{"line":37,"column":14},"end":{"line":37,"column":17}},"loc":{"start":{"line":37,"column":20},"end":{"line":37,"column":33}}},"7":{"name":"(anonymous_9)","decl":{"start":{"line":37,"column":35},"end":{"line":37,"column":36}},"loc":{"start":{"line":37,"column":48},"end":{"line":37,"column":64}}}},"branchMap":{},"s":{"0":15,"1":15,"2":15,"3":15,"4":15,"5":15,"6":15,"7":15,"8":15,"9":15,"10":0,"11":163,"12":163,"13":15,"14":163,"15":163,"16":15,"17":0,"18":163,"19":163,"20":15,"21":15},"f":{"0":0,"1":163,"2":163,"3":163,"4":163,"5":0,"6":163,"7":163},"b":{}}
,"/home/jlopez/cultures/src/culture/culture.module.ts": {"path":"/home/jlopez/cultures/src/culture/culture.module.ts","statementMap":{"0":{"start":{"line":1,"column":0},"end":{"line":1,"column":52}},"1":{"start":{"line":2,"column":0},"end":{"line":2,"column":53}},"2":{"start":{"line":3,"column":0},"end":{"line":3,"column":48}},"3":{"start":{"line":4,"column":0},"end":{"line":4,"column":49}},"4":{"start":{"line":5,"column":0},"end":{"line":5,"column":51}},"5":{"start":{"line":6,"column":0},"end":{"line":6,"column":57}},"6":{"start":{"line":7,"column":0},"end":{"line":7,"column":53}},"7":{"start":{"line":21,"column":7},"end":{"line":21,"column":null}},"8":{"start":{"line":21,"column":13},"end":{"line":21,"column":null}},"9":{"start":{"line":21,"column":13},"end":{"line":21,"column":26}}},"fnMap":{},"branchMap":{},"s":{"0":0,"1":0,"2":0,"3":0,"4":0,"5":0,"6":0,"7":0,"8":0,"9":0},"f":{},"b":{}}
,"/home/jlopez/cultures/src/culture/culture.resolver.ts": {"path":"/home/jlopez/cultures/src/culture/culture.resolver.ts","statementMap":{"0":{"start":{"line":1,"column":0},"end":{"line":1,"column":66}},"1":{"start":{"line":2,"column":0},"end":{"line":2,"column":52}},"2":{"start":{"line":3,"column":0},"end":{"line":3,"column":51}},"3":{"start":{"line":4,"column":0},"end":{"line":4,"column":49}},"4":{"start":{"line":5,"column":0},"end":{"line":5,"column":43}},"5":{"start":{"line":9,"column":7},"end":{"line":39,"column":null}},"6":{"start":{"line":10,"column":24},"end":{"line":10,"column":40}},"7":{"start":{"line":14,"column":8},"end":{"line":14,"column":45}},"8":{"start":{"line":19,"column":8},"end":{"line":19,"column":47}},"9":{"start":{"line":24,"column":24},"end":{"line":24,"column":66}},"10":{"start":{"line":25,"column":8},"end":{"line":25,"column":51}},"11":{"start":{"line":30,"column":24},"end":{"line":30,"column":66}},"12":{"start":{"line":31,"column":8},"end":{"line":31,"column":55}},"13":{"start":{"line":36,"column":8},"end":{"line":36,"column":39}},"14":{"start":{"line":37,"column":8},"end":{"line":37,"column":18}},"15":{"start":{"line":12,"column":4},"end":{"line":15,"column":null}},"16":{"start":{"line":12,"column":17},"end":{"line":12,"column":32}},"17":{"start":{"line":17,"column":4},"end":{"line":20,"column":null}},"18":{"start":{"line":17,"column":17},"end":{"line":17,"column":30}},"19":{"start":{"line":22,"column":4},"end":{"line":26,"column":null}},"20":{"start":{"line":22,"column":20},"end":{"line":22,"column":33}},"21":{"start":{"line":28,"column":4},"end":{"line":32,"column":null}},"22":{"start":{"line":28,"column":20},"end":{"line":28,"column":33}},"23":{"start":{"line":34,"column":4},"end":{"line":38,"column":null}},"24":{"start":{"line":34,"column":20},"end":{"line":34,"column":26}},"25":{"start":{"line":9,"column":13},"end":{"line":39,"column":null}},"26":{"start":{"line":9,"column":13},"end":{"line":9,"column":28}}},"fnMap":{"0":{"name":"(anonymous_4)","decl":{"start":{"line":10,"column":4},"end":{"line":10,"column":24}},"loc":{"start":{"line":10,"column":54},"end":{"line":10,"column":58}}},"1":{"name":"(anonymous_5)","decl":{"start":{"line":13,"column":4},"end":{"line":13,"column":12}},"loc":{"start":{"line":13,"column":12},"end":{"line":15,"column":5}}},"2":{"name":"(anonymous_6)","decl":{"start":{"line":18,"column":4},"end":{"line":18,"column":11}},"loc":{"start":{"line":18,"column":34},"end":{"line":20,"column":5}}},"3":{"name":"(anonymous_7)","decl":{"start":{"line":23,"column":4},"end":{"line":23,"column":17}},"loc":{"start":{"line":23,"column":57},"end":{"line":26,"column":5}}},"4":{"name":"(anonymous_8)","decl":{"start":{"line":29,"column":4},"end":{"line":29,"column":17}},"loc":{"start":{"line":29,"column":81},"end":{"line":32,"column":5}}},"5":{"name":"(anonymous_9)","decl":{"start":{"line":35,"column":4},"end":{"line":35,"column":17}},"loc":{"start":{"line":35,"column":40},"end":{"line":38,"column":5}}},"6":{"name":"(anonymous_10)","decl":{"start":{"line":12,"column":11},"end":{"line":12,"column":14}},"loc":{"start":{"line":12,"column":17},"end":{"line":12,"column":32}}},"7":{"name":"(anonymous_11)","decl":{"start":{"line":17,"column":11},"end":{"line":17,"column":14}},"loc":{"start":{"line":17,"column":17},"end":{"line":17,"column":30}}},"8":{"name":"(anonymous_12)","decl":{"start":{"line":22,"column":14},"end":{"line":22,"column":17}},"loc":{"start":{"line":22,"column":20},"end":{"line":22,"column":33}}},"9":{"name":"(anonymous_13)","decl":{"start":{"line":28,"column":14},"end":{"line":28,"column":17}},"loc":{"start":{"line":28,"column":20},"end":{"line":28,"column":33}}},"10":{"name":"(anonymous_14)","decl":{"start":{"line":34,"column":14},"end":{"line":34,"column":17}},"loc":{"start":{"line":34,"column":20},"end":{"line":34,"column":26}}}},"branchMap":{},"s":{"0":0,"1":0,"2":0,"3":0,"4":0,"5":0,"6":0,"7":0,"8":0,"9":0,"10":0,"11":0,"12":0,"13":0,"14":0,"15":0,"16":0,"17":0,"18":0,"19":0,"20":0,"21":0,"22":0,"23":0,"24":0,"25":0,"26":0},"f":{"0":0,"1":0,"2":0,"3":0,"4":0,"5":0,"6":0,"7":0,"8":0,"9":0,"10":0},"b":{}}
[...]
,"/home/jlopez/cultures/src/restaurant/restaurant.controller.ts": {"path":"/home/jlopez/cultures/src/restaurant/restaurant.controller.ts","statementMap":{"0":{"start":{"line":1,"column":0},"end":{"line":1,"column":57}},"1":{"start":{"line":2,"column":0},"end":{"line":2,"column":null}},"2":{"start":{"line":13,"column":0},"end":{"line":13,"column":95}},"3":{"start":{"line":14,"column":0},"end":{"line":14,"column":49}},"4":{"start":{"line":15,"column":0},"end":{"line":15,"column":55}},"5":{"start":{"line":16,"column":0},"end":{"line":16,"column":52}},"6":{"start":{"line":20,"column":7},"end":{"line":59,"column":null}},"7":{"start":{"line":21,"column":31},"end":{"line":21,"column":50}},"8":{"start":{"line":25,"column":4},"end":{"line":25,"column":50}},"9":{"start":{"line":30,"column":4},"end":{"line":30,"column":62}},"10":{"start":{"line":35,"column":41},"end":{"line":37,"column":null}},"11":{"start":{"line":39,"column":4},"end":{"line":39,"column":59}},"12":{"start":{"line":47,"column":41},"end":{"line":49,"column":null}},"13":{"start":{"line":51,"column":4},"end":{"line":51,"column":73}},"14":{"start":{"line":57,"column":4},"end":{"line":57,"column":61}},"15":{"start":{"line":24,"column":8},"end":{"line":26,"column":null}},"16":{"start":{"line":29,"column":8},"end":{"line":31,"column":null}},"17":{"start":{"line":34,"column":8},"end":{"line":40,"column":null}},"18":{"start":{"line":43,"column":8},"end":{"line":52,"column":null}},"19":{"start":{"line":56,"column":8},"end":{"line":58,"column":null}},"20":{"start":{"line":20,"column":13},"end":{"line":59,"column":null}},"21":{"start":{"line":20,"column":13},"end":{"line":20,"column":33}}},"fnMap":{"0":{"name":"(anonymous_4)","decl":{"start":{"line":21,"column":2},"end":{"line":21,"column":31}},"loc":{"start":{"line":21,"column":67},"end":{"line":21,"column":71}}},"1":{"name":"(anonymous_5)","decl":{"start":{"line":24,"column":2},"end":{"line":24,"column":7}},"loc":{"start":{"line":24,"column":15},"end":{"line":26,"column":3}}},"2":{"name":"(anonymous_6)","decl":{"start":{"line":29,"column":2},"end":{"line":29,"column":7}},"loc":{"start":{"line":29,"column":59},"end":{"line":31,"column":3}}},"3":{"name":"(anonymous_7)","decl":{"start":{"line":34,"column":2},"end":{"line":34,"column":7}},"loc":{"start":{"line":34,"column":51},"end":{"line":40,"column":3}}},"4":{"name":"(anonymous_8)","decl":{"start":{"line":43,"column":2},"end":{"line":43,"column":7}},"loc":{"start":{"line":45,"column":40},"end":{"line":52,"column":3}}},"5":{"name":"(anonymous_9)","decl":{"start":{"line":56,"column":2},"end":{"line":56,"column":7}},"loc":{"start":{"line":56,"column":58},"end":{"line":58,"column":3}}}},"branchMap":{},"s":{"0":0,"1":0,"2":0,"3":0,"4":0,"5":0,"6":0,"7":0,"8":0,"9":0,"10":0,"11":0,"12":0,"13":0,"14":0,"15":0,"16":0,"17":0,"18":0,"19":0,"20":0,"21":0},"f":{"0":0,"1":0,"2":0,"3":0,"4":0,"5":0},"b":{}}
,"/home/jlopez/cultures/src/restaurant/restaurant.dto.ts": {"path":"/home/jlopez/cultures/src/restaurant/restaurant.dto.ts","statementMap":{"0":{"start":{"line":1,"column":0},"end":{"line":1,"column":77}},"1":{"start":{"line":4,"column":2},"end":{"line":6,"column":null}},"2":{"start":{"line":8,"column":2},"end":{"line":10,"column":null}},"3":{"start":{"line":12,"column":2},"end":{"line":14,"column":null}},"4":{"start":{"line":16,"column":1},"end":{"line":18,"column":null}},"5":{"start":{"line":3,"column":0},"end":{"line":3,"column":13}}},"fnMap":{},"branchMap":{},"s":{"0":0,"1":0,"2":0,"3":0,"4":0,"5":0},"f":{},"b":{}}
,"/home/jlopez/cultures/src/restaurant/restaurant.entity.ts": {"path":"/home/jlopez/cultures/src/restaurant/restaurant.entity.ts","statementMap":{"0":{"start":{"line":1,"column":0},"end":{"line":1,"column":76}},"1":{"start":{"line":3,"column":0},"end":{"line":3,"column":49}},"2":{"start":{"line":6,"column":7},"end":{"line":24,"column":null}},"3":{"start":{"line":7,"column":2},"end":{"line":8,"column":null}},"4":{"start":{"line":10,"column":2},"end":{"line":11,"column":null}},"5":{"start":{"line":13,"column":2},"end":{"line":14,"column":null}},"6":{"start":{"line":16,"column":2},"end":{"line":17,"column":null}},"7":{"start":{"line":19,"column":2},"end":{"line":20,"column":null}},"8":{"start":{"line":22,"column":2},"end":{"line":23,"column":null}},"9":{"start":{"line":22,"column":19},"end":{"line":22,"column":29}},"10":{"start":{"line":22,"column":41},"end":{"line":22,"column":57}},"11":{"start":{"line":6,"column":13},"end":{"line":24,"column":null}},"12":{"start":{"line":6,"column":13},"end":{"line":6,"column":29}}},"fnMap":{"0":{"name":"(anonymous_2)","decl":{"start":{"line":22,"column":13},"end":{"line":22,"column":16}},"loc":{"start":{"line":22,"column":19},"end":{"line":22,"column":29}}},"1":{"name":"(anonymous_3)","decl":{"start":{"line":22,"column":31},"end":{"line":22,"column":32}},"loc":{"start":{"line":22,"column":41},"end":{"line":22,"column":57}}}},"branchMap":{},"s":{"0":15,"1":15,"2":15,"3":15,"4":15,"5":15,"6":15,"7":15,"8":15,"9":163,"10":163,"11":15,"12":15},"f":{"0":163,"1":163},"b":{}}
,"/home/jlopez/cultures/src/restaurant/restaurant.module.ts": {"path":"/home/jlopez/cultures/src/restaurant/restaurant.module.ts","statementMap":{"0":{"start":{"line":1,"column":0},"end":{"line":1,"column":40}},"1":{"start":{"line":2,"column":0},"end":{"line":2,"column":48}},"2":{"start":{"line":3,"column":0},"end":{"line":3,"column":55}},"3":{"start":{"line":4,"column":0},"end":{"line":4,"column":57}},"4":{"start":{"line":5,"column":0},"end":{"line":5,"column":63}},"5":{"start":{"line":12,"column":7},"end":{"line":12,"column":null}},"6":{"start":{"line":12,"column":13},"end":{"line":12,"column":null}},"7":{"start":{"line":12,"column":13},"end":{"line":12,"column":29}}},"fnMap":{},"branchMap":{},"s":{"0":0,"1":0,"2":0,"3":0,"4":0,"5":0,"6":0,"7":0},"f":{},"b":{}}
,"/home/jlopez/cultures/src/restaurant/restaurant.service.ts": {"path":"/home/jlopez/cultures/src/restaurant/restaurant.service.ts","statementMap":{"0":{"start":{"line":1,"column":0},"end":{"line":1,"column":44}},"1":{"start":{"line":2,"column":0},"end":{"line":2,"column":51}},"2":{"start":{"line":3,"column":0},"end":{"line":3,"column":37}},"3":{"start":{"line":4,"column":0},"end":{"line":4,"column":55}},"4":{"start":{"line":5,"column":0},"end":{"line":5,"column":null}},"5":{"start":{"line":11,"column":7},"end":{"line":67,"column":null}},"6":{"start":{"line":14,"column":21},"end":{"line":14,"column":43}},"7":{"start":{"line":17,"column":4},"end":{"line":17,"column":75}},"8":{"start":{"line":22,"column":6},"end":{"line":25,"column":8}},"9":{"start":{"line":26,"column":4},"end":{"line":30,"column":8}},"10":{"start":{"line":27,"column":6},"end":{"line":30,"column":8}},"11":{"start":{"line":32,"column":4},"end":{"line":32,"column":22}},"12":{"start":{"line":36,"column":4},"end":{"line":36,"column":60}},"13":{"start":{"line":44,"column":6},"end":{"line":44,"column":64}},"14":{"start":{"line":45,"column":4},"end":{"line":49,"column":8}},"15":{"start":{"line":46,"column":6},"end":{"line":49,"column":8}},"16":{"start":{"line":51,"column":4},"end":{"line":51,"column":23}},"17":{"start":{"line":53,"column":4},"end":{"line":53,"column":60}},"18":{"start":{"line":58,"column":6},"end":{"line":58,"column":64}},"19":{"start":{"line":59,"column":4},"end":{"line":63,"column":8}},"20":{"start":{"line":60,"column":6},"end":{"line":63,"column":8}},"21":{"start":{"line":65,"column":4},"end":{"line":65,"column":55}},"22":{"start":{"line":11,"column":13},"end":{"line":67,"column":null}},"23":{"start":{"line":11,"column":13},"end":{"line":11,"column":30}}},"fnMap":{"0":{"name":"(anonymous_4)","decl":{"start":{"line":12,"column":2},"end":{"line":12,"column":null}},"loc":{"start":{"line":14,"column":71},"end":{"line":15,"column":6}}},"1":{"name":"(anonymous_5)","decl":{"start":{"line":16,"column":2},"end":{"line":16,"column":7}},"loc":{"start":{"line":16,"column":15},"end":{"line":18,"column":3}}},"2":{"name":"(anonymous_6)","decl":{"start":{"line":20,"column":2},"end":{"line":20,"column":7}},"loc":{"start":{"line":20,"column":26},"end":{"line":33,"column":3}}},"3":{"name":"(anonymous_7)","decl":{"start":{"line":35,"column":2},"end":{"line":35,"column":7}},"loc":{"start":{"line":35,"column":43},"end":{"line":37,"column":3}}},"4":{"name":"(anonymous_8)","decl":{"start":{"line":39,"column":2},"end":{"line":39,"column":7}},"loc":{"start":{"line":41,"column":32},"end":{"line":54,"column":3}}},"5":{"name":"(anonymous_9)","decl":{"start":{"line":56,"column":2},"end":{"line":56,"column":7}},"loc":{"start":{"line":56,"column":25},"end":{"line":66,"column":3}}}},"branchMap":{"0":{"loc":{"start":{"line":26,"column":4},"end":{"line":30,"column":8}},"type":"if","locations":[{"start":{"line":26,"column":4},"end":{"line":30,"column":8}}]},"1":{"loc":{"start":{"line":45,"column":4},"end":{"line":49,"column":8}},"type":"if","locations":[{"start":{"line":45,"column":4},"end":{"line":49,"column":8}}]},"2":{"loc":{"start":{"line":59,"column":4},"end":{"line":63,"column":8}},"type":"if","locations":[{"start":{"line":59,"column":4},"end":{"line":63,"column":8}}]}},"s":{"0":1,"1":1,"2":1,"3":1,"4":1,"5":1,"6":9,"7":1,"8":2,"9":2,"10":1,"11":1,"12":1,"13":2,"14":2,"15":1,"16":1,"17":1,"18":3,"19":3,"20":1,"21":2,"22":1,"23":1},"f":{"0":9,"1":1,"2":2,"3":1,"4":2,"5":3},"b":{"0":[1],"1":[1],"2":[1]}}
,"/home/jlopez/cultures/src/shared/errors/business-errors.ts": {"path":"/home/jlopez/cultures/src/shared/errors/business-errors.ts","statementMap":{"0":{"start":{"line":2,"column":2},"end":{"line":2,"column":25}},"1":{"start":{"line":3,"column":2},"end":{"line":3,"column":19}},"2":{"start":{"line":1,"column":0},"end":{"line":1,"column":16}},"3":{"start":{"line":6,"column":0},"end":{"line":6,"column":null}},"4":{"start":{"line":7,"column":2},"end":{"line":7,"column":null}},"5":{"start":{"line":8,"column":2},"end":{"line":8,"column":null}},"6":{"start":{"line":9,"column":2},"end":{"line":9,"column":null}}},"fnMap":{"0":{"name":"BusinessLogicException","decl":{"start":{"line":1,"column":16},"end":{"line":1,"column":38}},"loc":{"start":{"line":1,"column":68},"end":{"line":4,"column":1}}},"1":{"name":"(anonymous_1)","decl":{"start":{"line":6,"column":0},"end":{"line":6,"column":12}},"loc":{"start":{"line":6,"column":25},"end":{"line":10,"column":1}}}},"branchMap":{"0":{"loc":{"start":{"line":6,"column":12},"end":{"line":6,"column":null}},"type":"binary-expr","locations":[{"start":{"line":6,"column":12},"end":{"line":6,"column":25}},{"start":{"line":6,"column":12},"end":{"line":6,"column":null}}]}},"s":{"0":86,"1":86,"2":14,"3":14,"4":14,"5":14,"6":14},"f":{"0":86,"1":14},"b":{"0":[14,14]}}
,"/home/jlopez/cultures/src/shared/interceptors/business-errors.interceptor.ts": {"path":"/home/jlopez/cultures/src/shared/interceptors/business-errors.interceptor.ts","statementMap":{"0":{"start":{"line":1,"column":0},"end":{"line":1,"column":null}},"1":{"start":{"line":9,"column":0},"end":{"line":9,"column":46}},"2":{"start":{"line":10,"column":0},"end":{"line":10,"column":58}},"3":{"start":{"line":13,"column":7},"end":{"line":30,"column":null}},"4":{"start":{"line":15,"column":4},"end":{"line":28,"column":6}},"5":{"start":{"line":17,"column":8},"end":{"line":26,"column":25}},"6":{"start":{"line":18,"column":10},"end":{"line":18,"column":71}},"7":{"start":{"line":19,"column":13},"end":{"line":26,"column":25}},"8":{"start":{"line":20,"column":10},"end":{"line":23,"column":12}},"9":{"start":{"line":24,"column":13},"end":{"line":26,"column":25}},"10":{"start":{"line":25,"column":10},"end":{"line":25,"column":73}},"11":{"start":{"line":26,"column":13},"end":{"line":26,"column":25}},"12":{"start":{"line":13,"column":13},"end":{"line":30,"column":null}},"13":{"start":{"line":13,"column":13},"end":{"line":13,"column":38}}},"fnMap":{"0":{"name":"(anonymous_1)","decl":{"start":{"line":14,"column":2},"end":{"line":14,"column":11}},"loc":{"start":{"line":14,"column":56},"end":{"line":29,"column":3}}},"1":{"name":"(anonymous_2)","decl":{"start":{"line":16,"column":17},"end":{"line":16,"column":18}},"loc":{"start":{"line":16,"column":27},"end":{"line":27,"column":7}}}},"branchMap":{"0":{"loc":{"start":{"line":17,"column":8},"end":{"line":26,"column":25}},"type":"if","locations":[{"start":{"line":17,"column":8},"end":{"line":26,"column":25}},{"start":{"line":19,"column":13},"end":{"line":26,"column":25}}]},"1":{"loc":{"start":{"line":19,"column":13},"end":{"line":26,"column":25}},"type":"if","locations":[{"start":{"line":19,"column":13},"end":{"line":26,"column":25}},{"start":{"line":24,"column":13},"end":{"line":26,"column":25}}]},"2":{"loc":{"start":{"line":24,"column":13},"end":{"line":26,"column":25}},"type":"if","locations":[{"start":{"line":24,"column":13},"end":{"line":26,"column":25}},{"start":{"line":26,"column":13},"end":{"line":26,"column":25}}]}},"s":{"0":1,"1":1,"2":1,"3":1,"4":0,"5":0,"6":0,"7":0,"8":0,"9":0,"10":0,"11":0,"12":1,"13":1},"f":{"0":0,"1":0},"b":{"0":[0,0],"1":[0,0],"2":[0,0]}}
,"/home/jlopez/cultures/src/shared/security/constants.ts": {"path":"/home/jlopez/cultures/src/shared/security/constants.ts","statementMap":{"0":{"start":{"line":1,"column":21},"end":{"line":4,"column":2}},"1":{"start":{"line":6,"column":0},"end":{"line":6,"column":28}}},"fnMap":{},"branchMap":{},"s":{"0":1,"1":1},"f":{},"b":{}}
,"/home/jlopez/cultures/src/shared/testing-utils/typeorm-testing-config.ts": {"path":"/home/jlopez/cultures/src/shared/testing-utils/typeorm-testing-config.ts","statementMap":{"0":{"start":{"line":1,"column":0},"end":{"line":1,"column":48}},"1":{"start":{"line":3,"column":0},"end":{"line":3,"column":61}},"2":{"start":{"line":4,"column":0},"end":{"line":4,"column":59}},"3":{"start":{"line":5,"column":0},"end":{"line":5,"column":62}},"4":{"start":{"line":6,"column":0},"end":{"line":6,"column":53}},"5":{"start":{"line":7,"column":0},"end":{"line":7,"column":70}},"6":{"start":{"line":8,"column":0},"end":{"line":8,"column":61}},"7":{"start":{"line":9,"column":0},"end":{"line":9,"column":58}},"8":{"start":{"line":11,"column":36},"end":{"line":37,"column":2}},"9":{"start":{"line":11,"column":42},"end":{"line":37,"column":2}},"10":{"start":{"line":11,"column":13},"end":{"line":11,"column":36}}},"fnMap":{"0":{"name":"(anonymous_0)","decl":{"start":{"line":11,"column":36},"end":{"line":11,"column":39}},"loc":{"start":{"line":11,"column":42},"end":{"line":37,"column":2}}}},"branchMap":{},"s":{"0":13,"1":13,"2":13,"3":13,"4":13,"5":13,"6":13,"7":13,"8":13,"9":163,"10":13},"f":{"0":163},"b":{}}
,"/home/jlopez/cultures/src/user/user.controller.ts": {"path":"/home/jlopez/cultures/src/user/user.controller.ts","statementMap":{"0":{"start":{"line":2,"column":0},"end":{"line":2,"column":66}},"1":{"start":{"line":3,"column":0},"end":{"line":3,"column":65}},"2":{"start":{"line":4,"column":0},"end":{"line":4,"column":51}},"3":{"start":{"line":7,"column":7},"end":{"line":15,"column":null}},"4":{"start":{"line":9,"column":32},"end":{"line":9,"column":45}},"5":{"start":{"line":13,"column":7},"end":{"line":13,"column":47}},"6":{"start":{"line":12,"column":9},"end":{"line":14,"column":null}},"7":{"start":{"line":7,"column":13},"end":{"line":15,"column":null}},"8":{"start":{"line":7,"column":13},"end":{"line":7,"column":27}}},"fnMap":{"0":{"name":"(anonymous_4)","decl":{"start":{"line":9,"column":3},"end":{"line":9,"column":32}},"loc":{"start":{"line":9,"column":56},"end":{"line":9,"column":59}}},"1":{"name":"(anonymous_5)","decl":{"start":{"line":12,"column":3},"end":{"line":12,"column":8}},"loc":{"start":{"line":12,"column":25},"end":{"line":14,"column":4}}}},"branchMap":{},"s":{"0":0,"1":0,"2":0,"3":0,"4":0,"5":0,"6":0,"7":0,"8":0},"f":{"0":0,"1":0},"b":{}}
,"/home/jlopez/cultures/src/user/user.module.ts": {"path":"/home/jlopez/cultures/src/user/user.module.ts","statementMap":{"0":{"start":{"line":1,"column":0},"end":{"line":1,"column":40}},"1":{"start":{"line":2,"column":0},"end":{"line":2,"column":45}},"2":{"start":{"line":3,"column":0},"end":{"line":3,"column":51}},"3":{"start":{"line":4,"column":0},"end":{"line":4,"column":51}},"4":{"start":{"line":5,"column":0},"end":{"line":5,"column":41}},"5":{"start":{"line":11,"column":7},"end":{"line":11,"column":null}},"6":{"start":{"line":11,"column":13},"end":{"line":11,"column":null}},"7":{"start":{"line":11,"column":13},"end":{"line":11,"column":23}}},"fnMap":{},"branchMap":{},"s":{"0":0,"1":0,"2":0,"3":0,"4":0,"5":0,"6":0,"7":0},"f":{},"b":{}}
,"/home/jlopez/cultures/src/user/user.service.ts": {"path":"/home/jlopez/cultures/src/user/user.service.ts","statementMap":{"0":{"start":{"line":2,"column":0},"end":{"line":2,"column":44}},"1":{"start":{"line":3,"column":0},"end":{"line":3,"column":30}},"2":{"start":{"line":4,"column":0},"end":{"line":4,"column":36}},"3":{"start":{"line":5,"column":0},"end":{"line":5,"column":42}},"4":{"start":{"line":8,"column":7},"end":{"line":21,"column":null}},"5":{"start":{"line":9,"column":12},"end":{"line":16,"column":6}},"6":{"start":{"line":19,"column":8},"end":{"line":19,"column":67}},"7":{"start":{"line":19,"column":39},"end":{"line":19,"column":65}},"8":{"start":{"line":8,"column":13},"end":{"line":21,"column":null}},"9":{"start":{"line":8,"column":13},"end":{"line":8,"column":24}}},"fnMap":{"0":{"name":"(anonymous_1)","decl":{"start":{"line":8,"column":7},"end":{"line":8,"column":13}},"loc":{"start":{"line":8,"column":7},"end":{"line":21,"column":1}}},"1":{"name":"(anonymous_2)","decl":{"start":{"line":18,"column":4},"end":{"line":18,"column":9}},"loc":{"start":{"line":18,"column":34},"end":{"line":20,"column":5}}},"2":{"name":"(anonymous_3)","decl":{"start":{"line":19,"column":31},"end":{"line":19,"column":35}},"loc":{"start":{"line":19,"column":39},"end":{"line":19,"column":65}}}},"branchMap":{},"s":{"0":2,"1":2,"2":2,"3":2,"4":2,"5":2,"6":0,"7":0,"8":2,"9":2},"f":{"0":2,"1":0,"2":0},"b":{}}
,"/home/jlopez/cultures/src/user/user.ts": {"path":"/home/jlopez/cultures/src/user/user.ts","statementMap":{"0":{"start":{"line":8,"column":4},"end":{"line":8,"column":17}},"1":{"start":{"line":9,"column":4},"end":{"line":9,"column":29}},"2":{"start":{"line":10,"column":4},"end":{"line":10,"column":29}},"3":{"start":{"line":11,"column":4},"end":{"line":11,"column":23}},"4":{"start":{"line":1,"column":0},"end":{"line":1,"column":13}}},"fnMap":{"0":{"name":"(anonymous_0)","decl":{"start":{"line":7,"column":2},"end":{"line":7,"column":14}},"loc":{"start":{"line":7,"column":77},"end":{"line":12,"column":3}}}},"branchMap":{},"s":{"0":12,"1":12,"2":12,"3":12,"4":2},"f":{"0":12},"b":{}}
}
