TN:
SF:src/app.controller.ts
FN:6,(anonymous_2)
FN:9,(anonymous_3)
FNF:2
FNH:2
FNDA:1,(anonymous_2)
FNDA:1,(anonymous_3)
DA:1,1
DA:2,1
DA:5,1
DA:6,1
DA:8,1
DA:10,1
LF:6
LH:6
BRF:0
BRH:0
end_of_record
TN:
SF:src/app.module.ts
FNF:0
FNH:0
DA:1,0
DA:2,0
DA:3,0
DA:4,0
DA:5,0
DA:6,0
DA:7,0
DA:8,0
DA:9,0
DA:10,0
DA:11,0
DA:12,0
DA:13,0
DA:14,0
DA:15,0
DA:16,0
DA:17,0
DA:18,0
DA:19,0
DA:20,0
DA:21,0
DA:22,0
DA:23,0
DA:24,0
DA:25,0
DA:26,0
DA:27,0
DA:28,0
DA:29,0
DA:76,0
LF:30
LH:0
BRF:0
BRH:0
end_of_record
TN:
SF:src/app.service.ts
FN:5,(anonymous_1)
FNF:1
FNH:1
FNDA:1,(anonymous_1)
DA:1,1
DA:4,1
DA:6,1
LF:3
LH:3
BRF:0
BRH:0
end_of_record
TN:
SF:src/main.ts
FN:5,bootstrap
FNF:1
FNH:0
FNDA:0,bootstrap
DA:1,0
DA:2,0
DA:3,0
DA:6,0
DA:7,0
DA:12,0
DA:13,0
DA:15,0
LF:8
LH:0
BRF:0
BRH:0
end_of_record
TN:
SF:src/auth/auth.module.ts
FNF:0
FNH:0
DA:1,0
DA:2,0
DA:3,0
DA:4,0
DA:5,0
DA:6,0
DA:7,0
DA:8,0
DA:9,0
DA:23,0
LF:10
LH:0
BRF:0
BRH:0
end_of_record
TN:
SF:src/auth/auth.service.ts
FN:10,(anonymous_3)
FN:15,(anonymous_4)
FN:24,(anonymous_5)
FNF:3
FNH:1
FNDA:1,(anonymous_3)
FNDA:0,(anonymous_4)
FNDA:0,(anonymous_5)
DA:2,1
DA:3,1
DA:4,1
DA:6,1
DA:9,1
DA:11,1
DA:12,1
DA:16,0
DA:17,0
DA:18,0
DA:19,0
DA:21,0
DA:25,0
DA:26,0
LF:14
LH:7
BRDA:17,0,0,0
BRDA:17,1,0,0
BRDA:17,1,1,0
BRF:3
BRH:0
end_of_record
TN:
SF:src/auth/roles.decorator.ts
FN:5,(anonymous_0)
FNF:1
FNH:0
FNDA:0,(anonymous_0)
DA:2,0
DA:5,0
LF:2
LH:0
BRF:0
BRH:0
end_of_record
TN:
SF:src/auth/roles.enum.ts
FN:2,(anonymous_0)
FNF:1
FNH:1
FNDA:2,(anonymous_0)
DA:2,2
DA:3,2
DA:4,2
DA:5,2
DA:6,2
DA:7,2
DA:8,2
LF:7
LH:7
BRDA:2,0,0,2
BRDA:2,0,1,2
BRF:2
BRH:2
end_of_record
TN:
SF:src/auth/guards/jwt-auth.guard.ts
FNF:0
FNH:0
DA:1,0
DA:2,0
DA:5,0
LF:3
LH:0
BRF:0
BRH:0
end_of_record
TN:
SF:src/auth/guards/local-auth.guard.ts
FNF:0
FNH:0
DA:1,0
DA:2,0
DA:5,0
LF:3
LH:0
BRF:0
BRH:0
end_of_record
TN:
SF:src/auth/guards/roles.guard.ts
FN:7,(anonymous_2)
FN:8,(anonymous_3)
FN:17,(anonymous_4)
FNF:3
FNH:0
FNDA:0,(anonymous_2)
FNDA:0,(anonymous_3)
FNDA:0,(anonymous_4)
DA:2,0
DA:3,0
DA:6,0
DA:7,0
DA:9,0
DA:13,0
DA:14,0
DA:16,0
DA:17,0
LF:9
LH:0
BRDA:13,0,0,0
BRDA:17,1,0,0
BRDA:17,1,1,0
BRDA:17,2,0,0
BRDA:17,2,1,0
BRDA:17,3,0,0
BRDA:17,3,1,0
BRDA:17,4,0,0
BRDA:17,4,1,0
BRF:9
BRH:0
end_of_record
TN:
SF:src/auth/strategies/jwt.strategy.ts
FN:9,(anonymous_2)
FN:17,(anonymous_3)
FNF:2
FNH:0
FNDA:0,(anonymous_2)
FNDA:0,(anonymous_3)
DA:2,0
DA:3,0
DA:4,0
DA:5,0
DA:8,0
DA:10,0
DA:18,0
LF:7
LH:0
BRF:0
BRH:0
end_of_record
TN:
SF:src/auth/strategies/local-strategy.ts
FN:8,(anonymous_2)
FN:12,(anonymous_3)
FNF:2
FNH:0
FNDA:0,(anonymous_2)
FNDA:0,(anonymous_3)
DA:1,0
DA:2,0
DA:3,0
DA:4,0
DA:7,0
DA:8,0
DA:9,0
DA:13,0
DA:14,0
DA:15,0
DA:17,0
LF:11
LH:0
BRDA:14,0,0,0
BRF:1
BRH:0
end_of_record
TN:
SF:src/city/city.controller.ts
FN:21,(anonymous_4)
FN:24,(anonymous_5)
FN:29,(anonymous_6)
FN:34,(anonymous_7)
FN:40,(anonymous_8)
FN:47,(anonymous_9)
FNF:6
FNH:0
FNDA:0,(anonymous_4)
FNDA:0,(anonymous_5)
FNDA:0,(anonymous_6)
FNDA:0,(anonymous_7)
FNDA:0,(anonymous_8)
FNDA:0,(anonymous_9)
DA:1,0
DA:2,0
DA:13,0
DA:14,0
DA:15,0
DA:16,0
DA:20,0
DA:21,0
DA:24,0
DA:25,0
DA:29,0
DA:30,0
DA:34,0
DA:35,0
DA:36,0
DA:40,0
DA:41,0
DA:42,0
DA:47,0
DA:48,0
LF:20
LH:0
BRF:0
BRH:0
end_of_record
TN:
SF:src/city/city.dto.ts
FNF:0
FNH:0
DA:1,0
DA:3,0
DA:4,0
DA:8,0
LF:4
LH:0
BRF:0
BRH:0
end_of_record
TN:
SF:src/city/city.entity.ts
FN:26,(anonymous_2)
FN:26,(anonymous_3)
FN:29,(anonymous_4)
FN:29,(anonymous_5)
FN:32,(anonymous_6)
FN:32,(anonymous_7)
FNF:6
FNH:6
FNDA:163,(anonymous_2)
FNDA:163,(anonymous_3)
FNDA:163,(anonymous_4)
FNDA:163,(anonymous_5)
FNDA:163,(anonymous_6)
FNDA:163,(anonymous_7)
DA:1,15
DA:9,15
DA:11,15
DA:13,15
DA:16,15
DA:17,15
DA:20,15
DA:23,15
DA:26,163
DA:29,163
DA:32,163
LF:11
LH:11
BRF:0
BRH:0
end_of_record
TN:
SF:src/city/city.module.ts
FNF:0
FNH:0
DA:1,0
DA:2,0
DA:3,0
DA:4,0
DA:5,0
DA:12,0
LF:6
LH:0
BRF:0
BRH:0
end_of_record
TN:
SF:src/city/city.service.ts
FN:12,(anonymous_4)
FN:16,(anonymous_5)
FN:22,(anonymous_6)
FN:36,(anonymous_7)
FN:40,(anonymous_8)
FN:55,(anonymous_9)
FNF:6
FNH:6
FNDA:9,(anonymous_4)
FNDA:1,(anonymous_5)
FNDA:2,(anonymous_6)
FNDA:1,(anonymous_7)
FNDA:2,(anonymous_8)
FNDA:3,(anonymous_9)
DA:1,1
DA:2,1
DA:3,1
DA:4,1
DA:5,1
DA:11,1
DA:14,9
DA:17,1
DA:23,2
DA:27,2
DA:28,1
DA:33,1
DA:37,1
DA:41,2
DA:44,2
DA:45,1
DA:50,1
DA:52,1
DA:56,3
DA:59,3
DA:60,1
DA:65,2
LF:22
LH:22
BRDA:27,0,0,1
BRDA:44,1,0,1
BRDA:59,2,0,1
BRF:3
BRH:3
end_of_record
TN:
SF:src/city-restaurant/city-restaurant.controller.ts
FN:21,(anonymous_4)
FN:24,(anonymous_5)
FN:35,(anonymous_6)
FN:46,(anonymous_7)
FN:51,(anonymous_8)
FN:64,(anonymous_9)
FNF:6
FNH:0
FNDA:0,(anonymous_4)
FNDA:0,(anonymous_5)
FNDA:0,(anonymous_6)
FNDA:0,(anonymous_7)
FNDA:0,(anonymous_8)
FNDA:0,(anonymous_9)
DA:1,0
DA:12,0
DA:14,0
DA:15,0
DA:16,0
DA:20,0
DA:21,0
DA:24,0
DA:28,0
DA:35,0
DA:39,0
DA:46,0
DA:47,0
DA:51,0
DA:55,0
DA:56,0
DA:64,0
DA:68,0
LF:18
LH:0
BRF:0
BRH:0
end_of_record
TN:
SF:src/city-restaurant/city-restaurant.module.ts
FNF:0
FNH:0
DA:1,0
DA:2,0
DA:3,0
DA:4,0
DA:5,0
DA:6,0
DA:13,0
LF:7
LH:0
BRF:0
BRH:0
end_of_record
TN:
SF:src/city-restaurant/city-restaurant.service.ts
FN:13,(anonymous_4)
FN:20,(anonymous_5)
FN:46,(anonymous_6)
FN:69,(anonymous_7)
FN:81,(anonymous_8)
FN:95,(anonymous_9)
FN:126,(anonymous_10)
FN:146,(anonymous_11)
FN:155,(anonymous_12)
FNF:9
FNH:9
FNDA:17,(anonymous_4)
FNDA:3,(anonymous_5)
FNDA:4,(anonymous_6)
FNDA:6,(anonymous_7)
FNDA:2,(anonymous_8)
FNDA:3,(anonymous_9)
FNDA:4,(anonymous_10)
FNDA:6,(anonymous_11)
FNDA:5,(anonymous_12)
DA:1,1
DA:2,1
DA:3,1
DA:4,1
DA:5,1
DA:6,1
DA:12,1
DA:15,17
DA:18,17
DA:25,3
DA:26,3
DA:27,1
DA:32,2
DA:36,2
DA:37,1
DA:42,1
DA:43,1
DA:51,4
DA:52,4
DA:53,1
DA:58,3
DA:62,3
DA:63,1
DA:68,2
DA:69,6
DA:72,2
DA:73,1
DA:78,1
DA:82,2
DA:86,2
DA:87,1
DA:92,1
DA:99,3
DA:104,3
DA:105,1
DA:110,2
DA:112,2
DA:115,2
DA:116,1
DA:122,1
DA:123,1
DA:128,4
DA:129,4
DA:130,1
DA:135,3
DA:139,3
DA:140,1
DA:145,2
DA:146,6
DA:149,2
DA:150,1
DA:154,1
DA:155,5
DA:157,1
LF:54
LH:54
BRDA:26,0,0,1
BRDA:36,1,0,1
BRDA:52,2,0,1
BRDA:62,3,0,1
BRDA:72,4,0,1
BRDA:86,5,0,1
BRDA:104,6,0,1
BRDA:115,7,0,1
BRDA:129,8,0,1
BRDA:139,9,0,1
BRDA:149,10,0,1
BRF:11
BRH:11
end_of_record
TN:
SF:src/country/country.controller.ts
FN:18,(anonymous_4)
FN:23,(anonymous_5)
FN:30,(anonymous_6)
FN:37,(anonymous_7)
FN:45,(anonymous_8)
FN:54,(anonymous_9)
FNF:6
FNH:0
FNDA:0,(anonymous_4)
FNDA:0,(anonymous_5)
FNDA:0,(anonymous_6)
FNDA:0,(anonymous_7)
FNDA:0,(anonymous_8)
FNDA:0,(anonymous_9)
DA:2,0
DA:4,0
DA:5,0
DA:6,0
DA:7,0
DA:8,0
DA:9,0
DA:10,0
DA:11,0
DA:12,0
DA:17,0
DA:18,0
DA:23,0
DA:24,0
DA:30,0
DA:31,0
DA:37,0
DA:38,0
DA:39,0
DA:45,0
DA:46,0
DA:47,0
DA:54,0
DA:55,0
LF:24
LH:0
BRF:0
BRH:0
end_of_record
TN:
SF:src/country/country.dto.ts
FNF:0
FNH:0
DA:2,0
DA:3,0
DA:6,0
DA:7,0
DA:12,0
LF:5
LH:0
BRF:0
BRH:0
end_of_record
TN:
SF:src/country/country.entity.ts
FN:32,(anonymous_2)
FN:32,(anonymous_3)
FN:35,(anonymous_4)
FN:35,(anonymous_5)
FN:38,(anonymous_6)
FN:39,(anonymous_7)
FN:39,(anonymous_8)
FNF:7
FNH:6
FNDA:163,(anonymous_2)
FNDA:163,(anonymous_3)
FNDA:163,(anonymous_4)
FNDA:163,(anonymous_5)
FNDA:0,(anonymous_6)
FNDA:163,(anonymous_7)
FNDA:163,(anonymous_8)
DA:1,15
DA:9,15
DA:10,15
DA:11,15
DA:12,15
DA:16,15
DA:17,15
DA:21,15
DA:25,15
DA:32,163
DA:35,163
DA:38,15
DA:39,163
LF:13
LH:13
BRF:0
BRH:0
end_of_record
TN:
SF:src/country/country.module.ts
FNF:0
FNH:0
DA:2,0
DA:3,0
DA:4,0
DA:5,0
DA:6,0
DA:7,0
DA:8,0
DA:21,0
LF:8
LH:0
BRF:0
BRH:0
end_of_record
TN:
SF:src/country/country.resolver.ts
FN:10,(anonymous_4)
FN:13,(anonymous_5)
FN:18,(anonymous_6)
FN:23,(anonymous_7)
FN:29,(anonymous_8)
FN:35,(anonymous_9)
FN:12,(anonymous_10)
FN:17,(anonymous_11)
FN:22,(anonymous_12)
FN:28,(anonymous_13)
FN:34,(anonymous_14)
FNF:11
FNH:0
FNDA:0,(anonymous_4)
FNDA:0,(anonymous_5)
FNDA:0,(anonymous_6)
FNDA:0,(anonymous_7)
FNDA:0,(anonymous_8)
FNDA:0,(anonymous_9)
FNDA:0,(anonymous_10)
FNDA:0,(anonymous_11)
FNDA:0,(anonymous_12)
FNDA:0,(anonymous_13)
FNDA:0,(anonymous_14)
DA:2,0
DA:3,0
DA:4,0
DA:5,0
DA:6,0
DA:9,0
DA:10,0
DA:12,0
DA:14,0
DA:17,0
DA:19,0
DA:22,0
DA:24,0
DA:25,0
DA:28,0
DA:30,0
DA:31,0
DA:34,0
DA:36,0
DA:37,0
LF:20
LH:0
BRF:0
BRH:0
end_of_record
TN:
SF:src/country/country.service.ts
FN:15,(anonymous_4)
FN:23,(anonymous_5)
FN:35,(anonymous_6)
FN:48,(anonymous_7)
FN:52,(anonymous_8)
FN:64,(anonymous_9)
FNF:6
FNH:6
FNDA:9,(anonymous_4)
FNDA:1,(anonymous_5)
FNDA:2,(anonymous_6)
FNDA:1,(anonymous_7)
FNDA:2,(anonymous_8)
FNDA:2,(anonymous_9)
DA:2,1
DA:3,1
DA:4,1
DA:8,1
DA:9,1
DA:13,1
DA:14,9
DA:17,9
DA:20,9
DA:24,1
DA:25,1
DA:26,1
DA:29,1
DA:30,1
DA:32,0
DA:36,2
DA:40,2
DA:41,1
DA:45,1
DA:49,1
DA:54,2
DA:55,2
DA:56,1
DA:60,1
DA:61,1
DA:65,2
DA:68,2
DA:69,1
DA:73,1
LF:29
LH:28
BRDA:25,0,0,1
BRDA:40,1,0,1
BRDA:55,2,0,1
BRDA:68,3,0,1
BRF:4
BRH:4
end_of_record
TN:
SF:src/country-city/country-city.controller.ts
FN:21,(anonymous_4)
FN:24,(anonymous_5)
FN:32,(anonymous_6)
FN:43,(anonymous_7)
FN:48,(anonymous_8)
FN:61,(anonymous_9)
FNF:6
FNH:0
FNDA:0,(anonymous_4)
FNDA:0,(anonymous_5)
FNDA:0,(anonymous_6)
FNDA:0,(anonymous_7)
FNDA:0,(anonymous_8)
FNDA:0,(anonymous_9)
DA:1,0
DA:12,0
DA:14,0
DA:15,0
DA:16,0
DA:20,0
DA:21,0
DA:24,0
DA:28,0
DA:32,0
DA:36,0
DA:43,0
DA:44,0
DA:48,0
DA:52,0
DA:53,0
DA:61,0
DA:65,0
LF:18
LH:0
BRF:0
BRH:0
end_of_record
TN:
SF:src/country-city/country-city.module.ts
FNF:0
FNH:0
DA:1,0
DA:2,0
DA:3,0
DA:4,0
DA:5,0
DA:6,0
DA:13,0
LF:7
LH:0
BRF:0
BRH:0
end_of_record
TN:
SF:src/country-city/country-city.service.ts
FN:13,(anonymous_4)
FN:20,(anonymous_5)
FN:46,(anonymous_6)
FN:70,(anonymous_7)
FN:82,(anonymous_8)
FN:96,(anonymous_9)
FN:126,(anonymous_10)
FN:147,(anonymous_11)
FN:156,(anonymous_12)
FNF:9
FNH:9
FNDA:17,(anonymous_4)
FNDA:3,(anonymous_5)
FNDA:4,(anonymous_6)
FNDA:6,(anonymous_7)
FNDA:2,(anonymous_8)
FNDA:3,(anonymous_9)
FNDA:4,(anonymous_10)
FNDA:6,(anonymous_11)
FNDA:5,(anonymous_12)
DA:1,1
DA:2,1
DA:3,1
DA:4,1
DA:5,1
DA:6,1
DA:12,1
DA:15,17
DA:18,17
DA:24,3
DA:27,3
DA:28,1
DA:33,2
DA:37,2
DA:38,1
DA:42,1
DA:43,1
DA:50,4
DA:53,4
DA:54,1
DA:59,3
DA:63,3
DA:64,1
DA:69,2
DA:70,6
DA:73,2
DA:74,1
DA:79,1
DA:83,2
DA:87,2
DA:88,1
DA:93,1
DA:100,3
DA:105,3
DA:106,1
DA:111,2
DA:112,2
DA:115,2
DA:116,1
DA:122,1
DA:123,1
DA:127,4
DA:130,4
DA:131,1
DA:136,3
DA:140,3
DA:141,1
DA:146,2
DA:147,6
DA:150,2
DA:151,1
DA:155,1
DA:156,5
DA:158,1
LF:54
LH:54
BRDA:27,0,0,1
BRDA:37,1,0,1
BRDA:53,2,0,1
BRDA:63,3,0,1
BRDA:73,4,0,1
BRDA:87,5,0,1
BRDA:105,6,0,1
BRDA:115,7,0,1
BRDA:130,8,0,1
BRDA:140,9,0,1
BRDA:150,10,0,1
BRF:11
BRH:11
end_of_record
TN:
SF:src/culture/culture.controller.ts
FN:17,(anonymous_4)
FN:22,(anonymous_5)
FN:29,(anonymous_6)
FN:36,(anonymous_7)
FN:44,(anonymous_8)
FN:53,(anonymous_9)
FNF:6
FNH:0
FNDA:0,(anonymous_4)
FNDA:0,(anonymous_5)
FNDA:0,(anonymous_6)
FNDA:0,(anonymous_7)
FNDA:0,(anonymous_8)
FNDA:0,(anonymous_9)
DA:2,0
DA:3,0
DA:4,0
DA:5,0
DA:6,0
DA:7,0
DA:8,0
DA:9,0
DA:10,0
DA:11,0
DA:12,0
DA:17,0
DA:22,0
DA:23,0
DA:29,0
DA:30,0
DA:36,0
DA:37,0
DA:38,0
DA:44,0
DA:45,0
DA:46,0
DA:53,0
DA:54,0
LF:24
LH:0
BRF:0
BRH:0
end_of_record
TN:
SF:src/culture/culture.dto.ts
FNF:0
FNH:0
DA:1,1
DA:2,1
DA:5,1
DA:8,1
DA:13,1
LF:5
LH:5
BRF:0
BRH:0
end_of_record
TN:
SF:src/culture/culture.entity.ts
FN:29,(anonymous_2)
FN:30,(anonymous_3)
FN:30,(anonymous_4)
FN:33,(anonymous_5)
FN:33,(anonymous_6)
FN:36,(anonymous_7)
FN:37,(anonymous_8)
FN:37,(anonymous_9)
FNF:8
FNH:6
FNDA:0,(anonymous_2)
FNDA:163,(anonymous_3)
FNDA:163,(anonymous_4)
FNDA:163,(anonymous_5)
FNDA:163,(anonymous_6)
FNDA:0,(anonymous_7)
FNDA:163,(anonymous_8)
FNDA:163,(anonymous_9)
DA:1,15
DA:9,15
DA:10,15
DA:11,15
DA:12,15
DA:16,15
DA:17,15
DA:21,15
DA:25,15
DA:29,15
DA:30,163
DA:33,163
DA:36,15
DA:37,163
LF:14
LH:14
BRF:0
BRH:0
end_of_record
TN:
SF:src/culture/culture.module.ts
FNF:0
FNH:0
DA:1,0
DA:2,0
DA:3,0
DA:4,0
DA:5,0
DA:6,0
DA:7,0
DA:21,0
LF:8
LH:0
BRF:0
BRH:0
end_of_record
TN:
SF:src/culture/culture.resolver.ts
FN:10,(anonymous_4)
FN:13,(anonymous_5)
FN:18,(anonymous_6)
FN:23,(anonymous_7)
FN:29,(anonymous_8)
FN:35,(anonymous_9)
FN:12,(anonymous_10)
FN:17,(anonymous_11)
FN:22,(anonymous_12)
FN:28,(anonymous_13)
FN:34,(anonymous_14)
FNF:11
FNH:0
FNDA:0,(anonymous_4)
FNDA:0,(anonymous_5)
FNDA:0,(anonymous_6)
FNDA:0,(anonymous_7)
FNDA:0,(anonymous_8)
FNDA:0,(anonymous_9)
FNDA:0,(anonymous_10)
FNDA:0,(anonymous_11)
FNDA:0,(anonymous_12)
FNDA:0,(anonymous_13)
FNDA:0,(anonymous_14)
DA:1,0
DA:2,0
DA:3,0
DA:4,0
DA:5,0
DA:9,0
DA:10,0
DA:12,0
DA:14,0
DA:17,0
DA:19,0
DA:22,0
DA:24,0
DA:25,0
DA:28,0
DA:30,0
DA:31,0
DA:34,0
DA:36,0
DA:37,0
LF:20
LH:0
BRF:0
BRH:0
end_of_record
TN:
SF:src/culture/culture.service.ts
FN:15,(anonymous_4)
FN:23,(anonymous_5)
FN:34,(anonymous_6)
FN:48,(anonymous_7)
FN:52,(anonymous_8)
FN:66,(anonymous_9)
FNF:6
FNH:6
FNDA:27,(anonymous_4)
FNDA:1,(anonymous_5)
FNDA:2,(anonymous_6)
FNDA:3,(anonymous_7)
FNDA:2,(anonymous_8)
FNDA:3,(anonymous_9)
DA:2,3
DA:3,3
DA:4,3
DA:5,3
DA:9,3
DA:13,3
DA:14,27
DA:17,27
DA:20,27
DA:24,1
DA:26,1
DA:27,1
DA:28,1
DA:29,1
DA:31,0
DA:35,2
DA:39,2
DA:40,1
DA:45,1
DA:49,3
DA:54,2
DA:55,2
DA:56,1
DA:61,1
DA:63,1
DA:67,3
DA:70,3
DA:71,1
DA:76,2
LF:29
LH:28
BRDA:26,0,0,1
BRDA:39,1,0,1
BRDA:55,2,0,1
BRDA:70,3,0,1
BRF:4
BRH:4
end_of_record
TN:
SF:src/culture-country/culture-country.controller.ts
FN:16,(anonymous_4)
FN:21,(anonymous_5)
FN:28,(anonymous_6)
FN:35,(anonymous_7)
FN:43,(anonymous_8)
FN:53,(anonymous_9)
FNF:6
FNH:0
FNDA:0,(anonymous_4)
FNDA:0,(anonymous_5)
FNDA:0,(anonymous_6)
FNDA:0,(anonymous_7)
FNDA:0,(anonymous_8)
FNDA:0,(anonymous_9)
DA:2,0
DA:3,0
DA:4,0
DA:5,0
DA:6,0
DA:7,0
DA:9,0
DA:10,0
DA:11,0
DA:15,0
DA:16,0
DA:21,0
DA:22,0
DA:28,0
DA:29,0
DA:35,0
DA:37,0
DA:43,0
DA:45,0
DA:46,0
DA:53,0
DA:55,0
LF:22
LH:0
BRF:0
BRH:0
end_of_record
TN:
SF:src/culture-country/culture-country.module.ts
FNF:0
FNH:0
DA:1,0
DA:2,0
DA:3,0
DA:4,0
DA:5,0
DA:6,0
DA:13,0
LF:7
LH:0
BRF:0
BRH:0
end_of_record
TN:
SF:src/culture-country/culture-country.service.ts
FN:14,(anonymous_4)
FN:22,(anonymous_5)
FN:48,(anonymous_6)
FN:70,(anonymous_7)
FN:80,(anonymous_8)
FN:94,(anonymous_9)
FN:124,(anonymous_10)
FN:145,(anonymous_11)
FN:154,(anonymous_12)
FNF:9
FNH:9
FNDA:17,(anonymous_4)
FNDA:3,(anonymous_5)
FNDA:4,(anonymous_6)
FNDA:10,(anonymous_7)
FNDA:2,(anonymous_8)
FNDA:3,(anonymous_9)
FNDA:4,(anonymous_10)
FNDA:8,(anonymous_11)
FNDA:5,(anonymous_12)
DA:2,1
DA:3,1
DA:4,1
DA:5,1
DA:6,1
DA:7,1
DA:13,1
DA:16,17
DA:19,17
DA:26,3
DA:29,3
DA:30,1
DA:35,2
DA:39,2
DA:40,1
DA:44,1
DA:45,1
DA:52,4
DA:55,4
DA:56,1
DA:60,3
DA:64,3
DA:65,1
DA:69,2
DA:70,10
DA:72,2
DA:73,1
DA:77,1
DA:81,2
DA:85,2
DA:86,1
DA:91,1
DA:98,3
DA:103,3
DA:104,1
DA:109,2
DA:110,2
DA:113,2
DA:114,1
DA:120,1
DA:121,1
DA:125,4
DA:128,4
DA:129,1
DA:134,3
DA:138,3
DA:139,1
DA:144,2
DA:145,8
DA:148,2
DA:149,1
DA:154,5
DA:155,1
LF:53
LH:53
BRDA:29,0,0,1
BRDA:39,1,0,1
BRDA:55,2,0,1
BRDA:64,3,0,1
BRDA:72,4,0,1
BRDA:85,5,0,1
BRDA:103,6,0,1
BRDA:113,7,0,1
BRDA:128,8,0,1
BRDA:138,9,0,1
BRDA:148,10,0,1
BRF:11
BRH:11
end_of_record
TN:
SF:src/culture-recipe/culture-recipe.module.ts
FNF:0
FNH:0
DA:1,0
DA:2,0
DA:3,0
DA:4,0
DA:5,0
DA:12,0
LF:6
LH:0
BRF:0
BRH:0
end_of_record
TN:
SF:src/culture-recipe/culture-recipe.service.ts
FN:13,(anonymous_4)
FN:21,(anonymous_5)
FN:48,(anonymous_6)
FN:72,(anonymous_7)
FN:84,(anonymous_8)
FN:98,(anonymous_9)
FN:128,(anonymous_10)
FN:149,(anonymous_11)
FN:159,(anonymous_12)
FNF:9
FNH:9
FNDA:17,(anonymous_4)
FNDA:3,(anonymous_5)
FNDA:4,(anonymous_6)
FNDA:6,(anonymous_7)
FNDA:2,(anonymous_8)
FNDA:3,(anonymous_9)
FNDA:4,(anonymous_10)
FNDA:6,(anonymous_11)
FNDA:5,(anonymous_12)
DA:1,1
DA:2,1
DA:3,1
DA:4,1
DA:5,1
DA:6,1
DA:12,1
DA:15,17
DA:18,17
DA:25,3
DA:28,3
DA:29,1
DA:34,2
DA:38,2
DA:39,1
DA:44,1
DA:45,1
DA:52,4
DA:55,4
DA:56,1
DA:61,3
DA:65,3
DA:66,1
DA:71,2
DA:72,6
DA:75,2
DA:76,1
DA:81,1
DA:85,2
DA:89,2
DA:90,1
DA:95,1
DA:102,3
DA:107,3
DA:108,1
DA:113,2
DA:114,2
DA:117,2
DA:118,1
DA:124,1
DA:125,1
DA:129,4
DA:132,4
DA:133,1
DA:138,3
DA:142,3
DA:143,1
DA:148,2
DA:149,6
DA:152,2
DA:153,1
DA:158,1
DA:159,5
DA:161,1
LF:54
LH:54
BRDA:28,0,0,1
BRDA:38,1,0,1
BRDA:55,2,0,1
BRDA:65,3,0,1
BRDA:75,4,0,1
BRDA:89,5,0,1
BRDA:107,6,0,1
BRDA:117,7,0,1
BRDA:132,8,0,1
BRDA:142,9,0,1
BRDA:152,10,0,1
BRF:11
BRH:11
end_of_record
TN:
SF:src/culture-region/culture-region.controller.ts
FN:17,(anonymous_4)
FN:22,(anonymous_5)
FN:29,(anonymous_6)
FN:36,(anonymous_7)
FN:43,(anonymous_8)
FN:52,(anonymous_9)
FNF:6
FNH:0
FNDA:0,(anonymous_4)
FNDA:0,(anonymous_5)
FNDA:0,(anonymous_6)
FNDA:0,(anonymous_7)
FNDA:0,(anonymous_8)
FNDA:0,(anonymous_9)
DA:2,0
DA:3,0
DA:4,0
DA:5,0
DA:6,0
DA:8,0
DA:9,0
DA:10,0
DA:11,0
DA:12,0
DA:16,0
DA:17,0
DA:22,0
DA:23,0
DA:29,0
DA:30,0
DA:36,0
DA:37,0
DA:43,0
DA:44,0
DA:45,0
DA:52,0
DA:53,0
LF:23
LH:0
BRF:0
BRH:0
end_of_record
TN:
SF:src/culture-region/culture-region.module.ts
FNF:0
FNH:0
DA:1,0
DA:2,0
DA:3,0
DA:4,0
DA:5,0
DA:6,0
DA:13,0
LF:7
LH:0
BRF:0
BRH:0
end_of_record
TN:
SF:src/culture-region/culture-region.service.ts
FN:13,(anonymous_4)
FN:21,(anonymous_5)
FN:48,(anonymous_6)
FN:72,(anonymous_7)
FN:84,(anonymous_8)
FN:98,(anonymous_9)
FN:128,(anonymous_10)
FN:149,(anonymous_11)
FN:159,(anonymous_12)
FNF:9
FNH:9
FNDA:17,(anonymous_4)
FNDA:3,(anonymous_5)
FNDA:4,(anonymous_6)
FNDA:6,(anonymous_7)
FNDA:2,(anonymous_8)
FNDA:3,(anonymous_9)
FNDA:4,(anonymous_10)
FNDA:6,(anonymous_11)
FNDA:5,(anonymous_12)
DA:1,1
DA:2,1
DA:3,1
DA:4,1
DA:5,1
DA:6,1
DA:12,1
DA:15,17
DA:18,17
DA:25,3
DA:28,3
DA:29,1
DA:34,2
DA:38,2
DA:39,1
DA:44,1
DA:45,1
DA:52,4
DA:55,4
DA:56,1
DA:61,3
DA:65,3
DA:66,1
DA:71,2
DA:72,6
DA:75,2
DA:76,1
DA:81,1
DA:85,2
DA:89,2
DA:90,1
DA:95,1
DA:102,3
DA:107,3
DA:108,1
DA:113,2
DA:114,2
DA:117,2
DA:118,1
DA:124,1
DA:125,1
DA:129,4
DA:132,4
DA:133,1
DA:138,3
DA:142,3
DA:143,1
DA:148,2
DA:149,6
DA:152,2
DA:153,1
DA:158,1
DA:159,5
DA:161,1
LF:54
LH:54
BRDA:28,0,0,1
BRDA:38,1,0,1
BRDA:55,2,0,1
BRDA:65,3,0,1
BRDA:75,4,0,1
BRDA:89,5,0,1
BRDA:107,6,0,1
BRDA:117,7,0,1
BRDA:132,8,0,1
BRDA:142,9,0,1
BRDA:152,10,0,1
BRF:11
BRH:11
end_of_record
TN:
SF:src/product/product.controller.ts
FN:16,(anonymous_4)
FN:19,(anonymous_5)
FN:24,(anonymous_6)
FN:29,(anonymous_7)
FN:34,(anonymous_8)
FN:43,(anonymous_9)
FNF:6
FNH:0
FNDA:0,(anonymous_4)
FNDA:0,(anonymous_5)
FNDA:0,(anonymous_6)
FNDA:0,(anonymous_7)
FNDA:0,(anonymous_8)
FNDA:0,(anonymous_9)
DA:1,0
DA:11,0
DA:12,0
DA:15,0
DA:16,0
DA:19,0
DA:20,0
DA:24,0
DA:25,0
DA:29,0
DA:30,0
DA:34,0
DA:38,0
DA:43,0
DA:44,0
LF:15
LH:0
BRF:0
BRH:0
end_of_record
TN:
SF:src/product/product.entity.ts
FN:21,(anonymous_2)
FN:21,(anonymous_3)
FNF:2
FNH:2
FNDA:163,(anonymous_2)
FNDA:163,(anonymous_3)
DA:1,15
DA:2,15
DA:5,15
DA:6,15
DA:9,15
DA:12,15
DA:15,15
DA:18,15
DA:21,163
LF:9
LH:9
BRF:0
BRH:0
end_of_record
TN:
SF:src/product/product.module.ts
FNF:0
FNH:0
DA:1,0
DA:2,0
DA:3,0
DA:4,0
DA:5,0
DA:12,0
LF:6
LH:0
BRF:0
BRH:0
end_of_record
TN:
SF:src/product/product.service.ts
FN:12,(anonymous_4)
FN:17,(anonymous_5)
FN:23,(anonymous_6)
FN:37,(anonymous_7)
FN:41,(anonymous_8)
FN:57,(anonymous_9)
FNF:6
FNH:6
FNDA:8,(anonymous_4)
FNDA:1,(anonymous_5)
FNDA:2,(anonymous_6)
FNDA:1,(anonymous_7)
FNDA:1,(anonymous_8)
FNDA:3,(anonymous_9)
DA:1,1
DA:2,1
DA:3,1
DA:4,1
DA:8,1
DA:11,1
DA:14,8
DA:18,1
DA:24,2
DA:28,2
DA:29,1
DA:34,1
DA:38,1
DA:43,1
DA:46,1
DA:47,0
DA:52,1
DA:54,1
DA:58,3
DA:61,3
DA:62,1
DA:67,2
LF:22
LH:21
BRDA:28,0,0,1
BRDA:46,1,0,0
BRDA:61,2,0,1
BRF:3
BRH:2
end_of_record
TN:
SF:src/recipe/recipe.controller.ts
FN:16,(anonymous_4)
FN:19,(anonymous_5)
FN:24,(anonymous_6)
FN:29,(anonymous_7)
FN:34,(anonymous_8)
FN:43,(anonymous_9)
FNF:6
FNH:0
FNDA:0,(anonymous_4)
FNDA:0,(anonymous_5)
FNDA:0,(anonymous_6)
FNDA:0,(anonymous_7)
FNDA:0,(anonymous_8)
FNDA:0,(anonymous_9)
DA:1,0
DA:11,0
DA:12,0
DA:15,0
DA:16,0
DA:19,0
DA:20,0
DA:24,0
DA:25,0
DA:29,0
DA:30,0
DA:34,0
DA:38,0
DA:43,0
DA:44,0
LF:15
LH:0
BRF:0
BRH:0
end_of_record
TN:
SF:src/recipe/recipe.entity.ts
FN:34,(anonymous_2)
FN:34,(anonymous_3)
FN:37,(anonymous_4)
FN:37,(anonymous_5)
FNF:4
FNH:4
FNDA:163,(anonymous_2)
FNDA:163,(anonymous_3)
FNDA:163,(anonymous_4)
FNDA:163,(anonymous_5)
DA:1,15
DA:8,15
DA:9,15
DA:12,15
DA:13,15
DA:16,15
DA:19,15
DA:22,15
DA:25,15
DA:28,15
DA:31,15
DA:34,163
DA:37,163
LF:13
LH:13
BRF:0
BRH:0
end_of_record
TN:
SF:src/recipe/recipe.module.ts
FNF:0
FNH:0
DA:1,0
DA:2,0
DA:3,0
DA:4,0
DA:5,0
DA:12,0
LF:6
LH:0
BRF:0
BRH:0
end_of_record
TN:
SF:src/recipe/recipe.service.ts
FN:12,(anonymous_4)
FN:17,(anonymous_5)
FN:23,(anonymous_6)
FN:37,(anonymous_7)
FN:41,(anonymous_8)
FN:56,(anonymous_9)
FNF:6
FNH:6
FNDA:17,(anonymous_4)
FNDA:1,(anonymous_5)
FNDA:2,(anonymous_6)
FNDA:2,(anonymous_7)
FNDA:2,(anonymous_8)
FNDA:3,(anonymous_9)
DA:1,2
DA:2,2
DA:3,2
DA:7,2
DA:8,2
DA:11,2
DA:14,17
DA:18,1
DA:24,2
DA:28,2
DA:29,1
DA:34,1
DA:38,2
DA:42,2
DA:45,2
DA:46,1
DA:51,1
DA:53,1
DA:57,3
DA:60,3
DA:61,1
DA:66,2
LF:22
LH:22
BRDA:28,0,0,1
BRDA:45,1,0,1
BRDA:60,2,0,1
BRF:3
BRH:3
end_of_record
TN:
SF:src/recipe-product/recipe-product.module.ts
FNF:0
FNH:0
DA:1,0
DA:2,0
DA:3,0
DA:4,0
DA:5,0
DA:12,0
LF:6
LH:0
BRF:0
BRH:0
end_of_record
TN:
SF:src/recipe-product/recipe-product.service.ts
FN:13,(anonymous_4)
FN:21,(anonymous_5)
FN:48,(anonymous_6)
FN:72,(anonymous_7)
FN:84,(anonymous_8)
FN:98,(anonymous_9)
FN:128,(anonymous_10)
FN:149,(anonymous_11)
FN:159,(anonymous_12)
FNF:9
FNH:9
FNDA:16,(anonymous_4)
FNDA:2,(anonymous_5)
FNDA:4,(anonymous_6)
FNDA:6,(anonymous_7)
FNDA:2,(anonymous_8)
FNDA:3,(anonymous_9)
FNDA:4,(anonymous_10)
FNDA:6,(anonymous_11)
FNDA:5,(anonymous_12)
DA:1,1
DA:2,1
DA:3,1
DA:4,1
DA:5,1
DA:6,1
DA:12,1
DA:15,16
DA:18,16
DA:25,2
DA:28,2
DA:29,1
DA:34,1
DA:38,1
DA:39,1
DA:44,0
DA:45,0
DA:52,4
DA:55,4
DA:56,1
DA:61,3
DA:65,3
DA:66,1
DA:71,2
DA:72,6
DA:75,2
DA:76,1
DA:81,1
DA:85,2
DA:89,2
DA:90,1
DA:95,1
DA:102,3
DA:107,3
DA:108,1
DA:113,2
DA:114,2
DA:117,2
DA:118,1
DA:124,1
DA:125,1
DA:129,4
DA:132,4
DA:133,1
DA:138,3
DA:142,3
DA:143,1
DA:148,2
DA:149,6
DA:152,2
DA:153,1
DA:158,1
DA:159,5
DA:161,1
LF:54
LH:52
BRDA:28,0,0,1
BRDA:38,1,0,1
BRDA:55,2,0,1
BRDA:65,3,0,1
BRDA:75,4,0,1
BRDA:89,5,0,1
BRDA:107,6,0,1
BRDA:117,7,0,1
BRDA:132,8,0,1
BRDA:142,9,0,1
BRDA:152,10,0,1
BRF:11
BRH:11
end_of_record
TN:
SF:src/region/region.controller.ts
FN:26,(anonymous_4)
FN:31,(anonymous_5)
FN:38,(anonymous_6)
FN:45,(anonymous_7)
FN:53,(anonymous_8)
FN:65,(anonymous_9)
FNF:6
FNH:0
FNDA:0,(anonymous_4)
FNDA:0,(anonymous_5)
FNDA:0,(anonymous_6)
FNDA:0,(anonymous_7)
FNDA:0,(anonymous_8)
FNDA:0,(anonymous_9)
DA:1,0
DA:12,0
DA:13,0
DA:14,0
DA:15,0
DA:16,0
DA:17,0
DA:18,0
DA:19,0
DA:20,0
DA:21,0
DA:25,0
DA:26,0
DA:31,0
DA:32,0
DA:38,0
DA:39,0
DA:45,0
DA:46,0
DA:47,0
DA:53,0
DA:57,0
DA:58,0
DA:65,0
DA:66,0
LF:25
LH:0
BRF:0
BRH:0
end_of_record
TN:
SF:src/region/region.dto.ts
FNF:0
FNH:0
DA:1,1
DA:2,1
DA:5,1
DA:8,1
LF:4
LH:4
BRF:0
BRH:0
end_of_record
TN:
SF:src/region/region.entity.ts
FN:24,(anonymous_2)
FN:25,(anonymous_3)
FN:25,(anonymous_4)
FN:28,(anonymous_5)
FN:28,(anonymous_6)
FN:31,(anonymous_7)
FN:31,(anonymous_8)
FNF:7
FNH:6
FNDA:0,(anonymous_2)
FNDA:163,(anonymous_3)
FNDA:163,(anonymous_4)
FNDA:163,(anonymous_5)
FNDA:163,(anonymous_6)
FNDA:163,(anonymous_7)
FNDA:163,(anonymous_8)
DA:1,15
DA:8,15
DA:9,15
DA:10,15
DA:11,15
DA:15,15
DA:16,15
DA:20,15
DA:24,15
DA:25,163
DA:28,163
DA:31,163
LF:12
LH:12
BRF:0
BRH:0
end_of_record
TN:
SF:src/region/region.module.ts
FNF:0
FNH:0
DA:1,0
DA:2,0
DA:3,0
DA:4,0
DA:5,0
DA:6,0
DA:13,0
LF:7
LH:0
BRF:0
BRH:0
end_of_record
TN:
SF:src/region/region.resolver.ts
FN:9,(anonymous_4)
FN:12,(anonymous_5)
FN:17,(anonymous_6)
FN:22,(anonymous_7)
FN:28,(anonymous_8)
FN:34,(anonymous_9)
FN:11,(anonymous_10)
FN:16,(anonymous_11)
FN:21,(anonymous_12)
FN:27,(anonymous_13)
FN:33,(anonymous_14)
FNF:11
FNH:0
FNDA:0,(anonymous_4)
FNDA:0,(anonymous_5)
FNDA:0,(anonymous_6)
FNDA:0,(anonymous_7)
FNDA:0,(anonymous_8)
FNDA:0,(anonymous_9)
FNDA:0,(anonymous_10)
FNDA:0,(anonymous_11)
FNDA:0,(anonymous_12)
FNDA:0,(anonymous_13)
FNDA:0,(anonymous_14)
DA:1,0
DA:2,0
DA:3,0
DA:4,0
DA:5,0
DA:8,0
DA:9,0
DA:11,0
DA:13,0
DA:16,0
DA:18,0
DA:21,0
DA:23,0
DA:24,0
DA:27,0
DA:29,0
DA:30,0
DA:33,0
DA:35,0
DA:36,0
LF:20
LH:0
BRF:0
BRH:0
end_of_record
TN:
SF:src/region/region.service.ts
FN:12,(anonymous_4)
FN:17,(anonymous_5)
FN:23,(anonymous_6)
FN:37,(anonymous_7)
FN:41,(anonymous_8)
FN:56,(anonymous_9)
FNF:6
FNH:6
FNDA:9,(anonymous_4)
FNDA:1,(anonymous_5)
FNDA:2,(anonymous_6)
FNDA:1,(anonymous_7)
FNDA:2,(anonymous_8)
FNDA:3,(anonymous_9)
DA:1,1
DA:2,1
DA:3,1
DA:7,1
DA:8,1
DA:11,1
DA:14,9
DA:18,1
DA:24,2
DA:28,2
DA:29,1
DA:34,1
DA:38,1
DA:42,2
DA:45,2
DA:46,1
DA:51,1
DA:53,1
DA:57,3
DA:60,3
DA:61,1
DA:66,2
LF:22
LH:22
BRDA:28,0,0,1
BRDA:45,1,0,1
BRDA:60,2,0,1
BRF:3
BRH:3
end_of_record
TN:
SF:src/restaurant/restaurant.controller.ts
FN:21,(anonymous_4)
FN:24,(anonymous_5)
FN:29,(anonymous_6)
FN:34,(anonymous_7)
FN:43,(anonymous_8)
FN:56,(anonymous_9)
FNF:6
FNH:0
FNDA:0,(anonymous_4)
FNDA:0,(anonymous_5)
FNDA:0,(anonymous_6)
FNDA:0,(anonymous_7)
FNDA:0,(anonymous_8)
FNDA:0,(anonymous_9)
DA:1,0
DA:2,0
DA:13,0
DA:14,0
DA:15,0
DA:16,0
DA:20,0
DA:21,0
DA:24,0
DA:25,0
DA:29,0
DA:30,0
DA:34,0
DA:35,0
DA:39,0
DA:43,0
DA:47,0
DA:51,0
DA:56,0
DA:57,0
LF:20
LH:0
BRF:0
BRH:0
end_of_record
TN:
SF:src/restaurant/restaurant.dto.ts
FNF:0
FNH:0
DA:1,0
DA:3,0
DA:4,0
DA:8,0
DA:12,0
DA:16,0
LF:6
LH:0
BRF:0
BRH:0
end_of_record
TN:
SF:src/restaurant/restaurant.entity.ts
FN:22,(anonymous_2)
FN:22,(anonymous_3)
FNF:2
FNH:2
FNDA:163,(anonymous_2)
FNDA:163,(anonymous_3)
DA:1,15
DA:3,15
DA:6,15
DA:7,15
DA:10,15
DA:13,15
DA:16,15
DA:19,15
DA:22,163
LF:9
LH:9
BRF:0
BRH:0
end_of_record
TN:
SF:src/restaurant/restaurant.module.ts
FNF:0
FNH:0
DA:1,0
DA:2,0
DA:3,0
DA:4,0
DA:5,0
DA:12,0
LF:6
LH:0
BRF:0
BRH:0
end_of_record
TN:
SF:src/restaurant/restaurant.service.ts
FN:12,(anonymous_4)
FN:16,(anonymous_5)
FN:20,(anonymous_6)
FN:35,(anonymous_7)
FN:39,(anonymous_8)
FN:56,(anonymous_9)
FNF:6
FNH:6
FNDA:9,(anonymous_4)
FNDA:1,(anonymous_5)
FNDA:2,(anonymous_6)
FNDA:1,(anonymous_7)
FNDA:2,(anonymous_8)
FNDA:3,(anonymous_9)
DA:1,1
DA:2,1
DA:3,1
DA:4,1
DA:5,1
DA:11,1
DA:14,9
DA:17,1
DA:22,2
DA:26,2
DA:27,1
DA:32,1
DA:36,1
DA:44,2
DA:45,2
DA:46,1
DA:51,1
DA:53,1
DA:58,3
DA:59,3
DA:60,1
DA:65,2
LF:22
LH:22
BRDA:26,0,0,1
BRDA:45,1,0,1
BRDA:59,2,0,1
BRF:3
BRH:3
end_of_record
TN:
SF:src/shared/errors/business-errors.ts
FN:1,BusinessLogicException
FN:6,(anonymous_1)
FNF:2
FNH:2
FNDA:86,BusinessLogicException
FNDA:14,(anonymous_1)
DA:1,14
DA:2,86
DA:3,86
DA:6,14
DA:7,14
DA:8,14
DA:9,14
LF:7
LH:7
BRDA:6,0,0,14
BRDA:6,0,1,14
BRF:2
BRH:2
end_of_record
TN:
SF:src/shared/interceptors/business-errors.interceptor.ts
FN:14,(anonymous_1)
FN:16,(anonymous_2)
FNF:2
FNH:0
FNDA:0,(anonymous_1)
FNDA:0,(anonymous_2)
DA:1,1
DA:9,1
DA:10,1
DA:13,1
DA:15,0
DA:17,0
DA:18,0
DA:19,0
DA:20,0
DA:24,0
DA:25,0
DA:26,0
LF:12
LH:4
BRDA:17,0,0,0
BRDA:17,0,1,0
BRDA:19,1,0,0
BRDA:19,1,1,0
BRDA:24,2,0,0
BRDA:24,2,1,0
BRF:6
BRH:0
end_of_record
TN:
SF:src/shared/security/constants.ts
FNF:0
FNH:0
DA:1,1
DA:6,1
LF:2
LH:2
BRF:0
BRH:0
end_of_record
TN:
SF:src/shared/testing-utils/typeorm-testing-config.ts
FN:11,(anonymous_0)
FNF:1
FNH:1
FNDA:163,(anonymous_0)
DA:1,13
DA:3,13
DA:4,13
DA:5,13
DA:6,13
DA:7,13
DA:8,13
DA:9,13
DA:11,163
LF:9
LH:9
BRF:0
BRH:0
end_of_record
TN:
SF:src/user/user.controller.ts
FN:9,(anonymous_4)
FN:12,(anonymous_5)
FNF:2
FNH:0
FNDA:0,(anonymous_4)
FNDA:0,(anonymous_5)
DA:2,0
DA:3,0
DA:4,0
DA:7,0
DA:9,0
DA:12,0
DA:13,0
LF:7
LH:0
BRF:0
BRH:0
end_of_record
TN:
SF:src/user/user.module.ts
FNF:0
FNH:0
DA:1,0
DA:2,0
DA:3,0
DA:4,0
DA:5,0
DA:11,0
LF:6
LH:0
BRF:0
BRH:0
end_of_record
TN:
SF:src/user/user.service.ts
FN:8,(anonymous_1)
FN:18,(anonymous_2)
FN:19,(anonymous_3)
FNF:3
FNH:1
FNDA:2,(anonymous_1)
FNDA:0,(anonymous_2)
FNDA:0,(anonymous_3)
DA:2,2
DA:3,2
DA:4,2
DA:5,2
DA:8,2
DA:9,2
DA:19,0
LF:7
LH:6
BRF:0
BRH:0
end_of_record
TN:
SF:src/user/user.ts
FN:7,(anonymous_0)
FNF:1
FNH:1
FNDA:12,(anonymous_0)
DA:1,2
DA:8,12
DA:9,12
DA:10,12
DA:11,12
LF:5
LH:5
BRF:0
BRH:0
end_of_record
